{
	"numTotalTestSuites": 141,
	"numPassedTestSuites": 134,
	"numFailedTestSuites": 7,
	"numPendingTestSuites": 0,
	"numTotalTests": 370,
	"numPassedTests": 358,
	"numFailedTests": 12,
	"numPendingTests": 0,
	"numTodoTests": 0,
	"snapshot": {
		"added": 0,
		"failure": false,
		"filesAdded": 0,
		"filesRemoved": 0,
		"filesRemovedList": [],
		"filesUnmatched": 0,
		"filesUpdated": 0,
		"matched": 0,
		"total": 0,
		"unchecked": 0,
		"uncheckedKeysByFile": [],
		"unmatched": 0,
		"updated": 0,
		"didUpdate": false
	},
	"startTime": 1765598300563,
	"success": false,
	"testResults": [
		{
			"assertionResults": [
				{
					"ancestorTitles": ["MCPClientManager"],
					"fullName": "MCPClientManager should connect to an MCP server and discover tools",
					"status": "passed",
					"title": "should connect to an MCP server and discover tools",
					"duration": 3.6596250000000055,
					"failureMessages": [],
					"meta": {}
				},
				{
					"ancestorTitles": ["MCPClientManager"],
					"fullName": "MCPClientManager should call a tool on a specific server",
					"status": "passed",
					"title": "should call a tool on a specific server",
					"duration": 2.565207999999984,
					"failureMessages": [],
					"meta": {}
				},
				{
					"ancestorTitles": ["MCPClientManager"],
					"fullName": "MCPClientManager should route tool calls by name to the correct server",
					"status": "passed",
					"title": "should route tool calls by name to the correct server",
					"duration": 3.26724999999999,
					"failureMessages": [],
					"meta": {}
				},
				{
					"ancestorTitles": ["MCPClientManager"],
					"fullName": "MCPClientManager should throw error when calling tool on disconnected server",
					"status": "passed",
					"title": "should throw error when calling tool on disconnected server",
					"duration": 3.4375839999999585,
					"failureMessages": [],
					"meta": {}
				},
				{
					"ancestorTitles": ["MCPClientManager"],
					"fullName": "MCPClientManager should throw error when calling unknown tool by name",
					"status": "passed",
					"title": "should throw error when calling unknown tool by name",
					"duration": 0.15075000000001637,
					"failureMessages": [],
					"meta": {}
				},
				{
					"ancestorTitles": ["MCPClientManager"],
					"fullName": "MCPClientManager should disconnect from a server",
					"status": "passed",
					"title": "should disconnect from a server",
					"duration": 0.23879099999999198,
					"failureMessages": [],
					"meta": {}
				}
			],
			"startTime": 1765598300966,
			"endTime": 1765598300979.4375,
			"status": "passed",
			"message": "",
			"name": "/Users/user1/WebstormProjects/SnapBack-Site/packages/core/src/mcp-client.test.ts"
		},
		{
			"assertionResults": [
				{
					"ancestorTitles": ["ServiceFederation"],
					"fullName": "ServiceFederation should register and discover service capabilities",
					"status": "passed",
					"title": "should register and discover service capabilities",
					"duration": 0.8408750000000396,
					"failureMessages": [],
					"meta": {}
				},
				{
					"ancestorTitles": ["ServiceFederation"],
					"fullName": "ServiceFederation should execute service function with fallback",
					"status": "passed",
					"title": "should execute service function with fallback",
					"duration": 0.735416999999984,
					"failureMessages": [],
					"meta": {}
				},
				{
					"ancestorTitles": ["ServiceFederation"],
					"fullName": "ServiceFederation should use fallback when service is not available",
					"status": "passed",
					"title": "should use fallback when service is not available",
					"duration": 0.1382499999999709,
					"failureMessages": [],
					"meta": {}
				},
				{
					"ancestorTitles": ["ServiceFederation"],
					"fullName": "ServiceFederation should use fallback when service function fails",
					"status": "passed",
					"title": "should use fallback when service function fails",
					"duration": 0.679458000000011,
					"failureMessages": [],
					"meta": {}
				},
				{
					"ancestorTitles": ["ServiceFederation"],
					"fullName": "ServiceFederation should register multiple services",
					"status": "passed",
					"title": "should register multiple services",
					"duration": 0.45100000000002183,
					"failureMessages": [],
					"meta": {}
				},
				{
					"ancestorTitles": ["ServiceFederation"],
					"fullName": "ServiceFederation should provide fallback when service is not available",
					"status": "passed",
					"title": "should provide fallback when service is not available",
					"duration": 0.055749999999989086,
					"failureMessages": [],
					"meta": {}
				},
				{
					"ancestorTitles": ["ServiceFederation"],
					"fullName": "ServiceFederation should use service function when service is available",
					"status": "passed",
					"title": "should use service function when service is available",
					"duration": 0.11754199999995762,
					"failureMessages": [],
					"meta": {}
				},
				{
					"ancestorTitles": ["ServiceFederation"],
					"fullName": "ServiceFederation should fallback when service is available but fails",
					"status": "passed",
					"title": "should fallback when service is available but fails",
					"duration": 0.11812499999996362,
					"failureMessages": [],
					"meta": {}
				},
				{
					"ancestorTitles": ["ServiceFederation"],
					"fullName": "ServiceFederation should open circuit breaker after 3 failures",
					"status": "passed",
					"title": "should open circuit breaker after 3 failures",
					"duration": 0.1625410000000329,
					"failureMessages": [],
					"meta": {}
				},
				{
					"ancestorTitles": ["ServiceFederation"],
					"fullName": "ServiceFederation should timeout service calls after specified time",
					"status": "passed",
					"title": "should timeout service calls after specified time",
					"duration": 10.590999999999951,
					"failureMessages": [],
					"meta": {}
				},
				{
					"ancestorTitles": ["ServiceFederation"],
					"fullName": "ServiceFederation should cache service responses",
					"status": "passed",
					"title": "should cache service responses",
					"duration": 2.9947090000000003,
					"failureMessages": [],
					"meta": {}
				},
				{
					"ancestorTitles": ["ServiceFederation"],
					"fullName": "ServiceFederation should combine all features: timeout, circuit breaker, and cache",
					"status": "passed",
					"title": "should combine all features: timeout, circuit breaker, and cache",
					"duration": 0.1420840000000112,
					"failureMessages": [],
					"meta": {}
				},
				{
					"ancestorTitles": ["ServiceFederation"],
					"fullName": "ServiceFederation should provide fallback implementations for different service types",
					"status": "passed",
					"title": "should provide fallback implementations for different service types",
					"duration": 0.07679200000001174,
					"failureMessages": [],
					"meta": {}
				},
				{
					"ancestorTitles": ["ServiceFederation"],
					"fullName": "ServiceFederation should implement core SnapBack tools",
					"status": "passed",
					"title": "should implement core SnapBack tools",
					"duration": 0.8325000000000387,
					"failureMessages": [],
					"meta": {}
				}
			],
			"startTime": 1765598301019,
			"endTime": 1765598301036.8325,
			"status": "passed",
			"message": "",
			"name": "/Users/user1/WebstormProjects/SnapBack-Site/packages/core/src/mcp-federation.test.ts"
		},
		{
			"assertionResults": [
				{
					"ancestorTitles": ["MCP Response Processor Integration"],
					"fullName": "MCP Response Processor Integration should process tool responses through MCP client",
					"status": "passed",
					"title": "should process tool responses through MCP client",
					"duration": 3.5321250000000077,
					"failureMessages": [],
					"meta": {}
				},
				{
					"ancestorTitles": ["MCP Response Processor Integration"],
					"fullName": "MCP Response Processor Integration should handle error responses through MCP client",
					"status": "passed",
					"title": "should handle error responses through MCP client",
					"duration": 0.26399999999995316,
					"failureMessages": [],
					"meta": {}
				},
				{
					"ancestorTitles": ["MCP Response Processor Integration"],
					"fullName": "MCP Response Processor Integration should handle JSON content responses",
					"status": "passed",
					"title": "should handle JSON content responses",
					"duration": 0.44274999999998954,
					"failureMessages": [],
					"meta": {}
				},
				{
					"ancestorTitles": ["MCP Response Processor Integration"],
					"fullName": "MCP Response Processor Integration should handle mixed content responses",
					"status": "passed",
					"title": "should handle mixed content responses",
					"duration": 0.19670899999999847,
					"failureMessages": [],
					"meta": {}
				},
				{
					"ancestorTitles": ["MCP Response Processor Integration"],
					"fullName": "MCP Response Processor Integration should handle tool not found errors gracefully",
					"status": "passed",
					"title": "should handle tool not found errors gracefully",
					"duration": 0.23245800000000827,
					"failureMessages": [],
					"meta": {}
				}
			],
			"startTime": 1765598301367,
			"endTime": 1765598301371.4429,
			"status": "passed",
			"message": "",
			"name": "/Users/user1/WebstormProjects/SnapBack-Site/packages/core/src/mcp-response-processor.integration.test.ts"
		},
		{
			"assertionResults": [
				{
					"ancestorTitles": ["MCP Response Processor", "normalizeTextContent"],
					"fullName": "MCP Response Processor normalizeTextContent should normalize text content by trimming and reducing whitespace",
					"status": "passed",
					"title": "should normalize text content by trimming and reducing whitespace",
					"duration": 0.764333999999991,
					"failureMessages": [],
					"meta": {}
				},
				{
					"ancestorTitles": ["MCP Response Processor", "normalizeTextContent"],
					"fullName": "MCP Response Processor normalizeTextContent should handle empty strings",
					"status": "passed",
					"title": "should handle empty strings",
					"duration": 0.08441700000000196,
					"failureMessages": [],
					"meta": {}
				},
				{
					"ancestorTitles": ["MCP Response Processor", "normalizeJsonContent"],
					"fullName": "MCP Response Processor normalizeJsonContent should return JSON content as-is",
					"status": "passed",
					"title": "should return JSON content as-is",
					"duration": 0.3036249999999825,
					"failureMessages": [],
					"meta": {}
				},
				{
					"ancestorTitles": ["MCP Response Processor", "normalizeJsonContent"],
					"fullName": "MCP Response Processor normalizeJsonContent should handle primitive values",
					"status": "passed",
					"title": "should handle primitive values",
					"duration": 0.06320800000000304,
					"failureMessages": [],
					"meta": {}
				},
				{
					"ancestorTitles": ["MCP Response Processor", "normalizeImageContent"],
					"fullName": "MCP Response Processor normalizeImageContent should normalize valid image content",
					"status": "passed",
					"title": "should normalize valid image content",
					"duration": 0.11241699999999355,
					"failureMessages": [],
					"meta": {}
				},
				{
					"ancestorTitles": ["MCP Response Processor", "normalizeImageContent"],
					"fullName": "MCP Response Processor normalizeImageContent should throw error for invalid data",
					"status": "passed",
					"title": "should throw error for invalid data",
					"duration": 0.44266700000000014,
					"failureMessages": [],
					"meta": {}
				},
				{
					"ancestorTitles": ["MCP Response Processor", "normalizeImageContent"],
					"fullName": "MCP Response Processor normalizeImageContent should throw error for invalid MIME type",
					"status": "passed",
					"title": "should throw error for invalid MIME type",
					"duration": 0.09908300000000736,
					"failureMessages": [],
					"meta": {}
				},
				{
					"ancestorTitles": ["MCP Response Processor", "processToolContent"],
					"fullName": "MCP Response Processor processToolContent should process single text content",
					"status": "passed",
					"title": "should process single text content",
					"duration": 0.0822080000000085,
					"failureMessages": [],
					"meta": {}
				},
				{
					"ancestorTitles": ["MCP Response Processor", "processToolContent"],
					"fullName": "MCP Response Processor processToolContent should process single JSON content",
					"status": "passed",
					"title": "should process single JSON content",
					"duration": 0.053541999999993095,
					"failureMessages": [],
					"meta": {}
				},
				{
					"ancestorTitles": ["MCP Response Processor", "processToolContent"],
					"fullName": "MCP Response Processor processToolContent should process single image content",
					"status": "passed",
					"title": "should process single image content",
					"duration": 0.04425000000000523,
					"failureMessages": [],
					"meta": {}
				},
				{
					"ancestorTitles": ["MCP Response Processor", "processToolContent"],
					"fullName": "MCP Response Processor processToolContent should process multiple text contents by joining them",
					"status": "passed",
					"title": "should process multiple text contents by joining them",
					"duration": 0.044125000000008185,
					"failureMessages": [],
					"meta": {}
				},
				{
					"ancestorTitles": ["MCP Response Processor", "processToolContent"],
					"fullName": "MCP Response Processor processToolContent should process multiple mixed contents as array",
					"status": "passed",
					"title": "should process multiple mixed contents as array",
					"duration": 0.046291999999994005,
					"failureMessages": [],
					"meta": {}
				},
				{
					"ancestorTitles": ["MCP Response Processor", "processToolContent"],
					"fullName": "MCP Response Processor processToolContent should handle empty content array",
					"status": "passed",
					"title": "should handle empty content array",
					"duration": 0.028874999999999318,
					"failureMessages": [],
					"meta": {}
				},
				{
					"ancestorTitles": ["MCP Response Processor", "processToolContent"],
					"fullName": "MCP Response Processor processToolContent should handle unknown content types",
					"status": "passed",
					"title": "should handle unknown content types",
					"duration": 0.03454200000001606,
					"failureMessages": [],
					"meta": {}
				},
				{
					"ancestorTitles": ["MCP Response Processor", "processToolResponse"],
					"fullName": "MCP Response Processor processToolResponse should process valid text response",
					"status": "passed",
					"title": "should process valid text response",
					"duration": 0.8146249999999782,
					"failureMessages": [],
					"meta": {}
				},
				{
					"ancestorTitles": ["MCP Response Processor", "processToolResponse"],
					"fullName": "MCP Response Processor processToolResponse should process valid JSON response",
					"status": "passed",
					"title": "should process valid JSON response",
					"duration": 0.4042919999999981,
					"failureMessages": [],
					"meta": {}
				},
				{
					"ancestorTitles": ["MCP Response Processor", "processToolResponse"],
					"fullName": "MCP Response Processor processToolResponse should handle error responses",
					"status": "passed",
					"title": "should handle error responses",
					"duration": 0.07454199999997968,
					"failureMessages": [],
					"meta": {}
				},
				{
					"ancestorTitles": ["MCP Response Processor", "processToolResponse"],
					"fullName": "MCP Response Processor processToolResponse should handle error responses with no message",
					"status": "passed",
					"title": "should handle error responses with no message",
					"duration": 0.053084000000012566,
					"failureMessages": [],
					"meta": {}
				},
				{
					"ancestorTitles": ["MCP Response Processor", "processToolResponse"],
					"fullName": "MCP Response Processor processToolResponse should handle invalid response format by returning empty response",
					"status": "passed",
					"title": "should handle invalid response format by returning empty response",
					"duration": 0.055542000000002645,
					"failureMessages": [],
					"meta": {}
				},
				{
					"ancestorTitles": ["MCP Response Processor", "processToolResponse"],
					"fullName": "MCP Response Processor processToolResponse should handle empty responses",
					"status": "passed",
					"title": "should handle empty responses",
					"duration": 0.10470899999998551,
					"failureMessages": [],
					"meta": {}
				},
				{
					"ancestorTitles": ["MCP Response Processor", "createErrorResponse"],
					"fullName": "MCP Response Processor createErrorResponse should create standardized error response",
					"status": "passed",
					"title": "should create standardized error response",
					"duration": 0.09112499999997681,
					"failureMessages": [],
					"meta": {}
				},
				{
					"ancestorTitles": ["MCP Response Processor", "createErrorResponse"],
					"fullName": "MCP Response Processor createErrorResponse should create error response without code and details",
					"status": "passed",
					"title": "should create error response without code and details",
					"duration": 0.10070800000002578,
					"failureMessages": [],
					"meta": {}
				},
				{
					"ancestorTitles": ["MCP Response Processor", "validateToolArgs"],
					"fullName": "MCP Response Processor validateToolArgs should validate correct arguments",
					"status": "passed",
					"title": "should validate correct arguments",
					"duration": 0.30929199999999923,
					"failureMessages": [],
					"meta": {}
				},
				{
					"ancestorTitles": ["MCP Response Processor", "validateToolArgs"],
					"fullName": "MCP Response Processor validateToolArgs should return error for invalid arguments",
					"status": "passed",
					"title": "should return error for invalid arguments",
					"duration": 0.43591700000001765,
					"failureMessages": [],
					"meta": {}
				}
			],
			"startTime": 1765598301651,
			"endTime": 1765598301656.436,
			"status": "passed",
			"message": "",
			"name": "/Users/user1/WebstormProjects/SnapBack-Site/packages/core/src/mcp-response-processor.test.ts"
		},
		{
			"assertionResults": [
				{
					"ancestorTitles": ["AIDetectionEngine", "analyze"],
					"fullName": "AIDetectionEngine analyze should return low confidence for normal activity",
					"status": "passed",
					"title": "should return low confidence for normal activity",
					"duration": 0.9620419999999967,
					"failureMessages": [],
					"meta": {}
				},
				{
					"ancestorTitles": ["AIDetectionEngine", "analyze"],
					"fullName": "AIDetectionEngine analyze should detect burst write patterns",
					"status": "passed",
					"title": "should detect burst write patterns",
					"duration": 0.45924999999999727,
					"failureMessages": [],
					"meta": {}
				},
				{
					"ancestorTitles": ["AIDetectionEngine", "analyze"],
					"fullName": "AIDetectionEngine analyze should return higher confidence with more burst events",
					"status": "passed",
					"title": "should return higher confidence with more burst events",
					"duration": 0.08904200000000628,
					"failureMessages": [],
					"meta": {}
				},
				{
					"ancestorTitles": ["AIDetectionEngine", "analyze"],
					"fullName": "AIDetectionEngine analyze should ignore old events when detecting bursts",
					"status": "passed",
					"title": "should ignore old events when detecting bursts",
					"duration": 0.07691699999998036,
					"failureMessages": [],
					"meta": {}
				}
			],
			"startTime": 1765598301867,
			"endTime": 1765598301868.4592,
			"status": "passed",
			"message": "",
			"name": "/Users/user1/WebstormProjects/SnapBack-Site/packages/core/test/ai-detection.test.ts"
		},
		{
			"assertionResults": [
				{
					"ancestorTitles": ["Comprehensive Example"],
					"fullName": "Comprehensive Example should demonstrate threat detection, circuit breaker, and Guardian integration",
					"status": "passed",
					"title": "should demonstrate threat detection, circuit breaker, and Guardian integration",
					"duration": 5.477875000000012,
					"failureMessages": [],
					"meta": {}
				}
			],
			"startTime": 1765598301621,
			"endTime": 1765598301626.4778,
			"status": "passed",
			"message": "",
			"name": "/Users/user1/WebstormProjects/SnapBack-Site/packages/core/test/comprehensive-example.test.ts"
		},
		{
			"assertionResults": [
				{
					"ancestorTitles": ["DependencyAnalyzer", "quickAnalyze"],
					"fullName": "DependencyAnalyzer quickAnalyze should return low score for no changes",
					"status": "passed",
					"title": "should return low score for no changes",
					"duration": 1.3168330000000026,
					"failureMessages": [],
					"meta": {}
				},
				{
					"ancestorTitles": ["DependencyAnalyzer", "quickAnalyze"],
					"fullName": "DependencyAnalyzer quickAnalyze should detect major version bumps",
					"status": "passed",
					"title": "should detect major version bumps",
					"duration": 0.4712920000000054,
					"failureMessages": [],
					"meta": {}
				},
				{
					"ancestorTitles": ["DependencyAnalyzer", "quickAnalyze"],
					"fullName": "DependencyAnalyzer quickAnalyze should handle multiple dependencies",
					"status": "passed",
					"title": "should handle multiple dependencies",
					"duration": 0.26670799999999417,
					"failureMessages": [],
					"meta": {}
				},
				{
					"ancestorTitles": ["DependencyAnalyzer", "quickAnalyze"],
					"fullName": "DependencyAnalyzer quickAnalyze should handle new dependencies",
					"status": "passed",
					"title": "should handle new dependencies",
					"duration": 0.0709590000000162,
					"failureMessages": [],
					"meta": {}
				},
				{
					"ancestorTitles": ["DependencyAnalyzer", "quickAnalyze"],
					"fullName": "DependencyAnalyzer quickAnalyze should handle missing before dependencies",
					"status": "passed",
					"title": "should handle missing before dependencies",
					"duration": 0.054457999999982576,
					"failureMessages": [],
					"meta": {}
				},
				{
					"ancestorTitles": ["DependencyAnalyzer", "isMajorBump"],
					"fullName": "DependencyAnalyzer isMajorBump should detect major version bumps",
					"status": "passed",
					"title": "should detect major version bumps",
					"duration": 0.06454199999998878,
					"failureMessages": [],
					"meta": {}
				},
				{
					"ancestorTitles": ["DependencyAnalyzer", "isMajorBump"],
					"fullName": "DependencyAnalyzer isMajorBump should not detect minor/patch bumps as major",
					"status": "passed",
					"title": "should not detect minor/patch bumps as major",
					"duration": 0.06379200000000651,
					"failureMessages": [],
					"meta": {}
				},
				{
					"ancestorTitles": ["DependencyAnalyzer", "isMajorBump"],
					"fullName": "DependencyAnalyzer isMajorBump should handle edge cases",
					"status": "passed",
					"title": "should handle edge cases",
					"duration": 0.05779200000000628,
					"failureMessages": [],
					"meta": {}
				}
			],
			"startTime": 1765598301823,
			"endTime": 1765598301826.071,
			"status": "passed",
			"message": "",
			"name": "/Users/user1/WebstormProjects/SnapBack-Site/packages/core/test/dependency-analyzer.test.ts"
		},
		{
			"assertionResults": [
				{
					"ancestorTitles": ["FeatureManager"],
					"fullName": "FeatureManager should be a singleton",
					"status": "passed",
					"title": "should be a singleton",
					"duration": 0.8480830000000026,
					"failureMessages": [],
					"meta": {}
				},
				{
					"ancestorTitles": ["FeatureManager"],
					"fullName": "FeatureManager should return default value for feature flag",
					"status": "passed",
					"title": "should return default value for feature flag",
					"duration": 0.133624999999995,
					"failureMessages": [],
					"meta": {}
				},
				{
					"ancestorTitles": ["FeatureManager"],
					"fullName": "FeatureManager should allow setting feature flags",
					"status": "passed",
					"title": "should allow setting feature flags",
					"duration": 0.06029200000000401,
					"failureMessages": [],
					"meta": {}
				},
				{
					"ancestorTitles": ["FeatureManager"],
					"fullName": "FeatureManager should handle sampling rate flags correctly",
					"status": "passed",
					"title": "should handle sampling rate flags correctly",
					"duration": 0.05662499999999682,
					"failureMessages": [],
					"meta": {}
				},
				{
					"ancestorTitles": ["FeatureManager"],
					"fullName": "FeatureManager should reset to default values",
					"status": "passed",
					"title": "should reset to default values",
					"duration": 0.09712500000000546,
					"failureMessages": [],
					"meta": {}
				},
				{
					"ancestorTitles": ["FeatureManager"],
					"fullName": "FeatureManager should handle environment variable overrides",
					"status": "passed",
					"title": "should handle environment variable overrides",
					"duration": 0.07491600000000176,
					"failureMessages": [],
					"meta": {}
				},
				{
					"ancestorTitles": ["FeatureManager"],
					"fullName": "FeatureManager should handle numeric environment variable overrides",
					"status": "passed",
					"title": "should handle numeric environment variable overrides",
					"duration": 0.08412500000000023,
					"failureMessages": [],
					"meta": {}
				}
			],
			"startTime": 1765598301929,
			"endTime": 1765598301930.1335,
			"status": "passed",
			"message": "",
			"name": "/Users/user1/WebstormProjects/SnapBack-Site/packages/core/test/feature-manager.test.ts"
		},
		{
			"assertionResults": [],
			"startTime": 1765598300563,
			"endTime": 1765598300563,
			"status": "failed",
			"message": "Cannot find package 'fs-extra' imported from '/Users/user1/WebstormProjects/SnapBack-Site/packages/core/test/file-watching.integration.test.ts'",
			"name": "/Users/user1/WebstormProjects/SnapBack-Site/packages/core/test/file-watching.integration.test.ts"
		},
		{
			"assertionResults": [
				{
					"ancestorTitles": ["Full Implementation Example"],
					"fullName": "Full Implementation Example should demonstrate a complete security analysis pipeline",
					"status": "passed",
					"title": "should demonstrate a complete security analysis pipeline",
					"duration": 5.082583999999997,
					"failureMessages": [],
					"meta": {}
				},
				{
					"ancestorTitles": ["Full Implementation Example"],
					"fullName": "Full Implementation Example should handle error cases gracefully",
					"status": "passed",
					"title": "should handle error cases gracefully",
					"duration": 0.897625000000005,
					"failureMessages": [],
					"meta": {}
				}
			],
			"startTime": 1765598300987,
			"endTime": 1765598300992.8977,
			"status": "passed",
			"message": "",
			"name": "/Users/user1/WebstormProjects/SnapBack-Site/packages/core/test/full-implementation-example.test.ts"
		},
		{
			"assertionResults": [
				{
					"ancestorTitles": ["Git Integration with Guardian"],
					"fullName": "Git Integration with Guardian should analyze code changes with Git context and threat detection",
					"status": "passed",
					"title": "should analyze code changes with Git context and threat detection",
					"duration": 4.969875000000002,
					"failureMessages": [],
					"meta": {}
				},
				{
					"ancestorTitles": ["Git Integration with Guardian"],
					"fullName": "Git Integration with Guardian should use circuit breaker for safe Git operations",
					"status": "passed",
					"title": "should use circuit breaker for safe Git operations",
					"duration": 0.2390839999999912,
					"failureMessages": [],
					"meta": {}
				},
				{
					"ancestorTitles": ["Git Integration with Guardian"],
					"fullName": "Git Integration with Guardian should handle Git operation failures gracefully",
					"status": "passed",
					"title": "should handle Git operation failures gracefully",
					"duration": 0.42925000000002456,
					"failureMessages": [],
					"meta": {}
				}
			],
			"startTime": 1765598301796,
			"endTime": 1765598301801.4292,
			"status": "passed",
			"message": "",
			"name": "/Users/user1/WebstormProjects/SnapBack-Site/packages/core/test/git-guardian-integration.test.ts"
		},
		{
			"assertionResults": [
				{
					"ancestorTitles": ["GitIntegration", "getCommitContext"],
					"fullName": "GitIntegration getCommitContext should return commit context with branch and commit info",
					"status": "passed",
					"title": "should return commit context with branch and commit info",
					"duration": 2.79929199999998,
					"failureMessages": [],
					"meta": {}
				},
				{
					"ancestorTitles": ["GitIntegration", "getCommitContext"],
					"fullName": "GitIntegration getCommitContext should handle when there are no commits yet",
					"status": "passed",
					"title": "should handle when there are no commits yet",
					"duration": 0.15625,
					"failureMessages": [],
					"meta": {}
				},
				{
					"ancestorTitles": ["GitIntegration", "getFileHistory"],
					"fullName": "GitIntegration getFileHistory should return file history with commit information",
					"status": "passed",
					"title": "should return file history with commit information",
					"duration": 0.5394580000000246,
					"failureMessages": [],
					"meta": {}
				},
				{
					"ancestorTitles": ["GitIntegration", "getFileHistory"],
					"fullName": "GitIntegration getFileHistory should handle files with no history",
					"status": "passed",
					"title": "should handle files with no history",
					"duration": 0.0705000000000382,
					"failureMessages": [],
					"meta": {}
				},
				{
					"ancestorTitles": ["GitIntegration", "getDiff"],
					"fullName": "GitIntegration getDiff should return diff for staged changes",
					"status": "passed",
					"title": "should return diff for staged changes",
					"duration": 0.12129199999998264,
					"failureMessages": [],
					"meta": {}
				},
				{
					"ancestorTitles": ["GitIntegration", "getDiff"],
					"fullName": "GitIntegration getDiff should return diff for specific files",
					"status": "passed",
					"title": "should return diff for specific files",
					"duration": 0.05129199999998946,
					"failureMessages": [],
					"meta": {}
				}
			],
			"startTime": 1765598301687,
			"endTime": 1765598301691.5396,
			"status": "passed",
			"message": "",
			"name": "/Users/user1/WebstormProjects/SnapBack-Site/packages/core/test/git-integration.test.ts"
		},
		{
			"assertionResults": [
				{
					"ancestorTitles": ["GitIntegration - Shadow Branch Operations", "createShadowBranch"],
					"fullName": "GitIntegration - Shadow Branch Operations createShadowBranch should create a shadow branch for context preservation",
					"status": "passed",
					"title": "should create a shadow branch for context preservation",
					"duration": 2.491166000000021,
					"failureMessages": [],
					"meta": {}
				},
				{
					"ancestorTitles": ["GitIntegration - Shadow Branch Operations", "createShadowBranch"],
					"fullName": "GitIntegration - Shadow Branch Operations createShadowBranch should handle errors when creating shadow branch",
					"status": "passed",
					"title": "should handle errors when creating shadow branch",
					"duration": 0.7858340000000226,
					"failureMessages": [],
					"meta": {}
				},
				{
					"ancestorTitles": ["GitIntegration - Shadow Branch Operations", "stashSnapshot"],
					"fullName": "GitIntegration - Shadow Branch Operations stashSnapshot should create a stash for snapshotting",
					"status": "passed",
					"title": "should create a stash for snapshotting",
					"duration": 0.11345799999998007,
					"failureMessages": [],
					"meta": {}
				},
				{
					"ancestorTitles": ["GitIntegration - Shadow Branch Operations", "stashSnapshot"],
					"fullName": "GitIntegration - Shadow Branch Operations stashSnapshot should handle when there are no changes to stash",
					"status": "passed",
					"title": "should handle when there are no changes to stash",
					"duration": 0.066208999999958,
					"failureMessages": [],
					"meta": {}
				},
				{
					"ancestorTitles": [
						"GitIntegration - Shadow Branch Operations",
						"switchBranchWithSnapshotPreservation"
					],
					"fullName": "GitIntegration - Shadow Branch Operations switchBranchWithSnapshotPreservation should switch branches without losing snapshots",
					"status": "passed",
					"title": "should switch branches without losing snapshots",
					"duration": 0.13791700000001583,
					"failureMessages": [],
					"meta": {}
				},
				{
					"ancestorTitles": [
						"GitIntegration - Shadow Branch Operations",
						"switchBranchWithSnapshotPreservation"
					],
					"fullName": "GitIntegration - Shadow Branch Operations switchBranchWithSnapshotPreservation should handle errors when switching branches",
					"status": "passed",
					"title": "should handle errors when switching branches",
					"duration": 0.08991700000001401,
					"failureMessages": [],
					"meta": {}
				},
				{
					"ancestorTitles": ["GitIntegration - Shadow Branch Operations", "handleDetachedHeadState"],
					"fullName": "GitIntegration - Shadow Branch Operations handleDetachedHeadState should handle detached HEAD states",
					"status": "passed",
					"title": "should handle detached HEAD states",
					"duration": 0.08708299999995006,
					"failureMessages": [],
					"meta": {}
				},
				{
					"ancestorTitles": ["GitIntegration - Shadow Branch Operations", "handleDetachedHeadState"],
					"fullName": "GitIntegration - Shadow Branch Operations handleDetachedHeadState should handle errors when recovering from detached HEAD",
					"status": "passed",
					"title": "should handle errors when recovering from detached HEAD",
					"duration": 0.05966699999999037,
					"failureMessages": [],
					"meta": {}
				},
				{
					"ancestorTitles": [
						"GitIntegration - Shadow Branch Operations",
						"recoverFromMidRebaseMergeConflicts"
					],
					"fullName": "GitIntegration - Shadow Branch Operations recoverFromMidRebaseMergeConflicts should recover from mid-rebase/merge conflicts",
					"status": "passed",
					"title": "should recover from mid-rebase/merge conflicts",
					"duration": 0.12716700000004266,
					"failureMessages": [],
					"meta": {}
				},
				{
					"ancestorTitles": [
						"GitIntegration - Shadow Branch Operations",
						"recoverFromMidRebaseMergeConflicts"
					],
					"fullName": "GitIntegration - Shadow Branch Operations recoverFromMidRebaseMergeConflicts should handle errors during conflict recovery",
					"status": "passed",
					"title": "should handle errors during conflict recovery",
					"duration": 0.06966700000003812,
					"failureMessages": [],
					"meta": {}
				}
			],
			"startTime": 1765598301361,
			"endTime": 1765598301365.138,
			"status": "passed",
			"message": "",
			"name": "/Users/user1/WebstormProjects/SnapBack-Site/packages/core/test/git-shadow-branch.test.ts"
		},
		{
			"assertionResults": [
				{
					"ancestorTitles": ["Guardian FilePath Parameter"],
					"fullName": "Guardian FilePath Parameter should pass filePath parameter to plugins",
					"status": "passed",
					"title": "should pass filePath parameter to plugins",
					"duration": 1.2822920000000124,
					"failureMessages": [],
					"meta": {}
				},
				{
					"ancestorTitles": ["Guardian FilePath Parameter"],
					"fullName": "Guardian FilePath Parameter should pass undefined filePath when not provided",
					"status": "passed",
					"title": "should pass undefined filePath when not provided",
					"duration": 0.15029200000000742,
					"failureMessages": [],
					"meta": {}
				},
				{
					"ancestorTitles": ["Guardian FilePath Parameter"],
					"fullName": "Guardian FilePath Parameter should pass filePath to multiple plugins",
					"status": "passed",
					"title": "should pass filePath to multiple plugins",
					"duration": 0.3230000000000075,
					"failureMessages": [],
					"meta": {}
				}
			],
			"startTime": 1765598301430,
			"endTime": 1765598301431.323,
			"status": "passed",
			"message": "",
			"name": "/Users/user1/WebstormProjects/SnapBack-Site/packages/core/test/guardian-filepath.test.ts"
		},
		{
			"assertionResults": [
				{
					"ancestorTitles": ["Guardian Plugin System"],
					"fullName": "Guardian Plugin System should allow adding plugins",
					"status": "passed",
					"title": "should allow adding plugins",
					"duration": 8.995249999999999,
					"failureMessages": [],
					"meta": {}
				},
				{
					"ancestorTitles": ["Guardian Plugin System"],
					"fullName": "Guardian Plugin System should execute plugins when analyzing content",
					"status": "passed",
					"title": "should execute plugins when analyzing content",
					"duration": 0.8514169999999979,
					"failureMessages": [],
					"meta": {}
				},
				{
					"ancestorTitles": ["Guardian Plugin System"],
					"fullName": "Guardian Plugin System should aggregate results from multiple plugins",
					"status": "passed",
					"title": "should aggregate results from multiple plugins",
					"duration": 0.18737500000000296,
					"failureMessages": [],
					"meta": {}
				},
				{
					"ancestorTitles": ["Guardian Plugin System"],
					"fullName": "Guardian Plugin System should handle plugin execution errors gracefully",
					"status": "passed",
					"title": "should handle plugin execution errors gracefully",
					"duration": 0.1285000000000025,
					"failureMessages": [],
					"meta": {}
				}
			],
			"startTime": 1765598301884,
			"endTime": 1765598301894.1873,
			"status": "passed",
			"message": "",
			"name": "/Users/user1/WebstormProjects/SnapBack-Site/packages/core/test/guardian-plugin.test.ts"
		},
		{
			"assertionResults": [
				{
					"ancestorTitles": ["Guardian Threat Integration"],
					"fullName": "Guardian Threat Integration should integrate threat detection with Guardian analysis",
					"status": "passed",
					"title": "should integrate threat detection with Guardian analysis",
					"duration": 3.300332999999995,
					"failureMessages": [],
					"meta": {}
				},
				{
					"ancestorTitles": ["Guardian Threat Integration"],
					"fullName": "Guardian Threat Integration should use circuit breaker for Guardian analysis",
					"status": "passed",
					"title": "should use circuit breaker for Guardian analysis",
					"duration": 0.6464170000000138,
					"failureMessages": [],
					"meta": {}
				},
				{
					"ancestorTitles": ["Guardian Threat Integration"],
					"fullName": "Guardian Threat Integration should open circuit breaker after repeated failures",
					"status": "passed",
					"title": "should open circuit breaker after repeated failures",
					"duration": 2.054333000000014,
					"failureMessages": [],
					"meta": {}
				}
			],
			"startTime": 1765598301101,
			"endTime": 1765598301107.0544,
			"status": "passed",
			"message": "",
			"name": "/Users/user1/WebstormProjects/SnapBack-Site/packages/core/test/guardian-threat-integration.test.ts"
		},
		{
			"assertionResults": [
				{
					"ancestorTitles": ["Guardian", "analyze"],
					"fullName": "Guardian analyze should return low risk for small changes",
					"status": "passed",
					"title": "should return low risk for small changes",
					"duration": 1.2090420000000108,
					"failureMessages": [],
					"meta": {}
				},
				{
					"ancestorTitles": ["Guardian", "analyze"],
					"fullName": "Guardian analyze should return high risk for large insertions",
					"status": "passed",
					"title": "should return high risk for large insertions",
					"duration": 0.47991700000000037,
					"failureMessages": [],
					"meta": {}
				},
				{
					"ancestorTitles": ["Guardian", "analyze"],
					"fullName": "Guardian analyze should return critical risk for very large insertions",
					"status": "passed",
					"title": "should return critical risk for very large insertions",
					"duration": 0.07279199999999264,
					"failureMessages": [],
					"meta": {}
				},
				{
					"ancestorTitles": ["Guardian", "analyze"],
					"fullName": "Guardian analyze should handle mixed additions and removals",
					"status": "passed",
					"title": "should handle mixed additions and removals",
					"duration": 0.07991700000002311,
					"failureMessages": [],
					"meta": {}
				},
				{
					"ancestorTitles": ["Guardian", "quickCheckDoc"],
					"fullName": "Guardian quickCheckDoc should return low risk for short documents",
					"status": "passed",
					"title": "should return low risk for short documents",
					"duration": 0.08125000000001137,
					"failureMessages": [],
					"meta": {}
				},
				{
					"ancestorTitles": ["Guardian", "quickCheckDoc"],
					"fullName": "Guardian quickCheckDoc should return high risk for long documents",
					"status": "passed",
					"title": "should return high risk for long documents",
					"duration": 0.08920799999998508,
					"failureMessages": [],
					"meta": {}
				},
				{
					"ancestorTitles": ["Guardian", "quickCheckDoc"],
					"fullName": "Guardian quickCheckDoc should return critical risk for very long documents",
					"status": "passed",
					"title": "should return critical risk for very long documents",
					"duration": 0.06837500000000318,
					"failureMessages": [],
					"meta": {}
				},
				{
					"ancestorTitles": ["Guardian", "analyzeWithAST"],
					"fullName": "Guardian analyzeWithAST should detect eval usage as security risk",
					"status": "passed",
					"title": "should detect eval usage as security risk",
					"duration": 1.849375000000009,
					"failureMessages": [],
					"meta": {}
				},
				{
					"ancestorTitles": ["Guardian", "analyzeWithAST"],
					"fullName": "Guardian analyzeWithAST should detect Function constructor usage as security risk",
					"status": "passed",
					"title": "should detect Function constructor usage as security risk",
					"duration": 0.33654200000000856,
					"failureMessages": [],
					"meta": {}
				},
				{
					"ancestorTitles": ["Guardian", "analyzeWithAST"],
					"fullName": "Guardian analyzeWithAST should detect deep nesting",
					"status": "passed",
					"title": "should detect deep nesting",
					"duration": 0.37608399999999165,
					"failureMessages": [],
					"meta": {}
				},
				{
					"ancestorTitles": ["Guardian", "analyzeWithAST"],
					"fullName": "Guardian analyzeWithAST should detect high complexity",
					"status": "passed",
					"title": "should detect high complexity",
					"duration": 2.009042000000022,
					"failureMessages": [],
					"meta": {}
				},
				{
					"ancestorTitles": ["Guardian", "analyzeWithAST"],
					"fullName": "Guardian analyzeWithAST should detect large function bodies",
					"status": "passed",
					"title": "should detect large function bodies",
					"duration": 0.8602500000000077,
					"failureMessages": [],
					"meta": {}
				},
				{
					"ancestorTitles": ["Guardian", "analyzeWithAST"],
					"fullName": "Guardian analyzeWithAST should handle syntax errors gracefully by falling back to quickCheckDoc",
					"status": "passed",
					"title": "should handle syntax errors gracefully by falling back to quickCheckDoc",
					"duration": 0.31287500000001955,
					"failureMessages": [],
					"meta": {}
				},
				{
					"ancestorTitles": ["Guardian", "analyzeWithAST"],
					"fullName": "Guardian analyzeWithAST should return low risk for clean, simple code",
					"status": "passed",
					"title": "should return low risk for clean, simple code",
					"duration": 0.1450839999999971,
					"failureMessages": [],
					"meta": {}
				},
				{
					"ancestorTitles": ["Guardian", "countFunctions"],
					"fullName": "Guardian countFunctions should count different types of functions",
					"status": "passed",
					"title": "should count different types of functions",
					"duration": 0.6203749999999673,
					"failureMessages": [],
					"meta": {}
				},
				{
					"ancestorTitles": ["Guardian", "calculateMaxNestingDepth"],
					"fullName": "Guardian calculateMaxNestingDepth should calculate nesting depth correctly",
					"status": "passed",
					"title": "should calculate nesting depth correctly",
					"duration": 0.13112499999999727,
					"failureMessages": [],
					"meta": {}
				},
				{
					"ancestorTitles": ["Guardian", "calculateComplexity"],
					"fullName": "Guardian calculateComplexity should calculate complexity based on control structures",
					"status": "passed",
					"title": "should calculate complexity based on control structures",
					"duration": 0.5412500000000477,
					"failureMessages": [],
					"meta": {}
				},
				{
					"ancestorTitles": ["Guardian", "findSecurityIssues"],
					"fullName": "Guardian findSecurityIssues should detect eval usage",
					"status": "passed",
					"title": "should detect eval usage",
					"duration": 0.16795799999999872,
					"failureMessages": [],
					"meta": {}
				},
				{
					"ancestorTitles": ["Guardian", "findSecurityIssues"],
					"fullName": "Guardian findSecurityIssues should detect Function constructor usage",
					"status": "passed",
					"title": "should detect Function constructor usage",
					"duration": 0.09187500000001592,
					"failureMessages": [],
					"meta": {}
				},
				{
					"ancestorTitles": ["Guardian", "findLargeFunctions"],
					"fullName": "Guardian findLargeFunctions should detect large function bodies",
					"status": "passed",
					"title": "should detect large function bodies",
					"duration": 0.5080409999999915,
					"failureMessages": [],
					"meta": {}
				}
			],
			"startTime": 1765598301017,
			"endTime": 1765598301027.508,
			"status": "passed",
			"message": "",
			"name": "/Users/user1/WebstormProjects/SnapBack-Site/packages/core/test/guardian.test.ts"
		},
		{
			"assertionResults": [
				{
					"ancestorTitles": ["Lefthook Configuration"],
					"fullName": "Lefthook Configuration should include detect-patterns command in pre-push hooks",
					"status": "failed",
					"title": "should include detect-patterns command in pre-push hooks",
					"duration": 8.154125000000022,
					"failureMessages": [
						"AssertionError: expected 'pre-commit:\\n    parallel: true\\n    …' to contain 'detect-patterns:'\n    at /Users/user1/WebstormProjects/SnapBack-Site/packages/core/test/lefthook-config.test.ts:14:27\n    at file:///Users/user1/WebstormProjects/SnapBack-Site/node_modules/.pnpm/@vitest+runner@3.2.4/node_modules/@vitest/runner/dist/chunk-hooks.js:155:11\n    at file:///Users/user1/WebstormProjects/SnapBack-Site/node_modules/.pnpm/@vitest+runner@3.2.4/node_modules/@vitest/runner/dist/chunk-hooks.js:752:26\n    at file:///Users/user1/WebstormProjects/SnapBack-Site/node_modules/.pnpm/@vitest+runner@3.2.4/node_modules/@vitest/runner/dist/chunk-hooks.js:1897:20\n    at new Promise (<anonymous>)\n    at runWithTimeout (file:///Users/user1/WebstormProjects/SnapBack-Site/node_modules/.pnpm/@vitest+runner@3.2.4/node_modules/@vitest/runner/dist/chunk-hooks.js:1863:10)\n    at runTest (file:///Users/user1/WebstormProjects/SnapBack-Site/node_modules/.pnpm/@vitest+runner@3.2.4/node_modules/@vitest/runner/dist/chunk-hooks.js:1574:12)\n    at processTicksAndRejections (node:internal/process/task_queues:103:5)\n    at runSuite (file:///Users/user1/WebstormProjects/SnapBack-Site/node_modules/.pnpm/@vitest+runner@3.2.4/node_modules/@vitest/runner/dist/chunk-hooks.js:1729:8)\n    at runSuite (file:///Users/user1/WebstormProjects/SnapBack-Site/node_modules/.pnpm/@vitest+runner@3.2.4/node_modules/@vitest/runner/dist/chunk-hooks.js:1729:8)"
					],
					"meta": {}
				},
				{
					"ancestorTitles": ["Lefthook Configuration"],
					"fullName": "Lefthook Configuration should have no-unsafe-regex disabled (using Biome instead)",
					"status": "failed",
					"title": "should have no-unsafe-regex disabled (using Biome instead)",
					"duration": 4.6801670000000115,
					"failureMessages": [
						"AssertionError: expected 'pre-commit:\\n    parallel: true\\n    …' to contain '# no-unsafe-regex:'\n    at /Users/user1/WebstormProjects/SnapBack-Site/packages/core/test/lefthook-config.test.ts:27:27\n    at file:///Users/user1/WebstormProjects/SnapBack-Site/node_modules/.pnpm/@vitest+runner@3.2.4/node_modules/@vitest/runner/dist/chunk-hooks.js:155:11\n    at file:///Users/user1/WebstormProjects/SnapBack-Site/node_modules/.pnpm/@vitest+runner@3.2.4/node_modules/@vitest/runner/dist/chunk-hooks.js:752:26\n    at file:///Users/user1/WebstormProjects/SnapBack-Site/node_modules/.pnpm/@vitest+runner@3.2.4/node_modules/@vitest/runner/dist/chunk-hooks.js:1897:20\n    at new Promise (<anonymous>)\n    at runWithTimeout (file:///Users/user1/WebstormProjects/SnapBack-Site/node_modules/.pnpm/@vitest+runner@3.2.4/node_modules/@vitest/runner/dist/chunk-hooks.js:1863:10)\n    at runTest (file:///Users/user1/WebstormProjects/SnapBack-Site/node_modules/.pnpm/@vitest+runner@3.2.4/node_modules/@vitest/runner/dist/chunk-hooks.js:1574:12)\n    at processTicksAndRejections (node:internal/process/task_queues:103:5)\n    at runSuite (file:///Users/user1/WebstormProjects/SnapBack-Site/node_modules/.pnpm/@vitest+runner@3.2.4/node_modules/@vitest/runner/dist/chunk-hooks.js:1729:8)\n    at runSuite (file:///Users/user1/WebstormProjects/SnapBack-Site/node_modules/.pnpm/@vitest+runner@3.2.4/node_modules/@vitest/runner/dist/chunk-hooks.js:1729:8)"
					],
					"meta": {}
				},
				{
					"ancestorTitles": ["Lefthook Configuration"],
					"fullName": "Lefthook Configuration should have proper command structure for detection tests",
					"status": "failed",
					"title": "should have proper command structure for detection tests",
					"duration": 1.0260839999999973,
					"failureMessages": [
						"AssertionError: expected 'pre-commit:\\n    parallel: true\\n    …' to match /detect-patterns:\\s+tags: \\[detection,…/\n    at /Users/user1/WebstormProjects/SnapBack-Site/packages/core/test/lefthook-config.test.ts:43:27\n    at file:///Users/user1/WebstormProjects/SnapBack-Site/node_modules/.pnpm/@vitest+runner@3.2.4/node_modules/@vitest/runner/dist/chunk-hooks.js:155:11\n    at file:///Users/user1/WebstormProjects/SnapBack-Site/node_modules/.pnpm/@vitest+runner@3.2.4/node_modules/@vitest/runner/dist/chunk-hooks.js:752:26\n    at file:///Users/user1/WebstormProjects/SnapBack-Site/node_modules/.pnpm/@vitest+runner@3.2.4/node_modules/@vitest/runner/dist/chunk-hooks.js:1897:20\n    at new Promise (<anonymous>)\n    at runWithTimeout (file:///Users/user1/WebstormProjects/SnapBack-Site/node_modules/.pnpm/@vitest+runner@3.2.4/node_modules/@vitest/runner/dist/chunk-hooks.js:1863:10)\n    at runTest (file:///Users/user1/WebstormProjects/SnapBack-Site/node_modules/.pnpm/@vitest+runner@3.2.4/node_modules/@vitest/runner/dist/chunk-hooks.js:1574:12)\n    at processTicksAndRejections (node:internal/process/task_queues:103:5)\n    at runSuite (file:///Users/user1/WebstormProjects/SnapBack-Site/node_modules/.pnpm/@vitest+runner@3.2.4/node_modules/@vitest/runner/dist/chunk-hooks.js:1729:8)\n    at runSuite (file:///Users/user1/WebstormProjects/SnapBack-Site/node_modules/.pnpm/@vitest+runner@3.2.4/node_modules/@vitest/runner/dist/chunk-hooks.js:1729:8)"
					],
					"meta": {}
				}
			],
			"startTime": 1765598300801,
			"endTime": 1765598300815.0261,
			"status": "failed",
			"message": "",
			"name": "/Users/user1/WebstormProjects/SnapBack-Site/packages/core/test/lefthook-config.test.ts"
		},
		{
			"assertionResults": [
				{
					"ancestorTitles": ["Enhanced MCP Implementation", "ServiceFederation"],
					"fullName": "Enhanced MCP Implementation ServiceFederation should validate file paths to prevent path traversal",
					"status": "passed",
					"title": "should validate file paths to prevent path traversal",
					"duration": 0.8356670000000008,
					"failureMessages": [],
					"meta": {}
				},
				{
					"ancestorTitles": ["Enhanced MCP Implementation", "ServiceFederation"],
					"fullName": "Enhanced MCP Implementation ServiceFederation should normalize error responses with consistent codes",
					"status": "passed",
					"title": "should normalize error responses with consistent codes",
					"duration": 0.47612500000002456,
					"failureMessages": [],
					"meta": {}
				},
				{
					"ancestorTitles": ["Enhanced MCP Implementation", "ServiceFederation"],
					"fullName": "Enhanced MCP Implementation ServiceFederation should implement core SnapBack tools with Zod validation",
					"status": "passed",
					"title": "should implement core SnapBack tools with Zod validation",
					"duration": 1.497041999999965,
					"failureMessages": [],
					"meta": {}
				},
				{
					"ancestorTitles": ["Enhanced MCP Implementation", "MCPClientManager"],
					"fullName": "Enhanced MCP Implementation MCPClientManager should namespace tool names to avoid collisions",
					"status": "passed",
					"title": "should namespace tool names to avoid collisions",
					"duration": 0.10962499999999409,
					"failureMessages": [],
					"meta": {}
				},
				{
					"ancestorTitles": ["Enhanced MCP Implementation", "MCPClientManager"],
					"fullName": "Enhanced MCP Implementation MCPClientManager should provide a catalog tool with health information",
					"status": "passed",
					"title": "should provide a catalog tool with health information",
					"duration": 0.04808400000001711,
					"failureMessages": [],
					"meta": {}
				},
				{
					"ancestorTitles": ["Enhanced MCP Implementation", "MCPClientManager"],
					"fullName": "Enhanced MCP Implementation MCPClientManager should support config-driven connections",
					"status": "passed",
					"title": "should support config-driven connections",
					"duration": 0.0448329999999828,
					"failureMessages": [],
					"meta": {}
				},
				{
					"ancestorTitles": ["Enhanced MCP Implementation", "Privacy & Security"],
					"fullName": "Enhanced MCP Implementation Privacy & Security should redact sensitive information from logs",
					"status": "passed",
					"title": "should redact sensitive information from logs",
					"duration": 0.033749999999997726,
					"failureMessages": [],
					"meta": {}
				},
				{
					"ancestorTitles": ["Enhanced MCP Implementation", "Privacy & Security"],
					"fullName": "Enhanced MCP Implementation Privacy & Security should prevent path traversal attempts",
					"status": "passed",
					"title": "should prevent path traversal attempts",
					"duration": 0.03012499999999818,
					"failureMessages": [],
					"meta": {}
				},
				{
					"ancestorTitles": ["Enhanced MCP Implementation", "Performance Features"],
					"fullName": "Enhanced MCP Implementation Performance Features should implement batching for homogeneous requests",
					"status": "passed",
					"title": "should implement batching for homogeneous requests",
					"duration": 0.033999999999991815,
					"failureMessages": [],
					"meta": {}
				},
				{
					"ancestorTitles": ["Enhanced MCP Implementation", "Performance Features"],
					"fullName": "Enhanced MCP Implementation Performance Features should enforce global concurrency limits",
					"status": "passed",
					"title": "should enforce global concurrency limits",
					"duration": 0.027625000000000455,
					"failureMessages": [],
					"meta": {}
				}
			],
			"startTime": 1765598301384,
			"endTime": 1765598301387.1096,
			"status": "passed",
			"message": "",
			"name": "/Users/user1/WebstormProjects/SnapBack-Site/packages/core/test/mcp-enhanced.test.ts"
		},
		{
			"assertionResults": [
				{
					"ancestorTitles": ["MCPFallbacks"],
					"fullName": "MCPFallbacks should provide fallback for docs MCP",
					"status": "passed",
					"title": "should provide fallback for docs MCP",
					"duration": 0.6331250000000068,
					"failureMessages": [],
					"meta": {}
				},
				{
					"ancestorTitles": ["MCPFallbacks"],
					"fullName": "MCPFallbacks should provide fallback for git MCP",
					"status": "passed",
					"title": "should provide fallback for git MCP",
					"duration": 0.07004200000000083,
					"failureMessages": [],
					"meta": {}
				},
				{
					"ancestorTitles": ["MCPFallbacks"],
					"fullName": "MCPFallbacks should provide fallback for filesystem MCP",
					"status": "passed",
					"title": "should provide fallback for filesystem MCP",
					"duration": 0.04574999999999818,
					"failureMessages": [],
					"meta": {}
				},
				{
					"ancestorTitles": ["MCPFallbacks"],
					"fullName": "MCPFallbacks should provide fallback for search MCP",
					"status": "passed",
					"title": "should provide fallback for search MCP",
					"duration": 0.04154199999999264,
					"failureMessages": [],
					"meta": {}
				},
				{
					"ancestorTitles": ["MCPFallbacks"],
					"fullName": "MCPFallbacks should provide fallback for registry MCP",
					"status": "passed",
					"title": "should provide fallback for registry MCP",
					"duration": 0.041249999999990905,
					"failureMessages": [],
					"meta": {}
				},
				{
					"ancestorTitles": ["MCPFallbacks"],
					"fullName": "MCPFallbacks should provide fallback for CI MCP",
					"status": "passed",
					"title": "should provide fallback for CI MCP",
					"duration": 0.03966600000001108,
					"failureMessages": [],
					"meta": {}
				},
				{
					"ancestorTitles": ["MCPFallbacks"],
					"fullName": "MCPFallbacks should provide fallback for security MCP",
					"status": "passed",
					"title": "should provide fallback for security MCP",
					"duration": 0.03420800000000668,
					"failureMessages": [],
					"meta": {}
				},
				{
					"ancestorTitles": ["MCPFallbacks"],
					"fullName": "MCPFallbacks should provide fallback for issue MCP",
					"status": "passed",
					"title": "should provide fallback for issue MCP",
					"duration": 0.030708000000004176,
					"failureMessages": [],
					"meta": {}
				}
			],
			"startTime": 1765598301966,
			"endTime": 1765598301967.0342,
			"status": "passed",
			"message": "",
			"name": "/Users/user1/WebstormProjects/SnapBack-Site/packages/core/test/mcp-fallbacks.test.ts"
		},
		{
			"assertionResults": [
				{
					"ancestorTitles": ["ServiceFederation"],
					"fullName": "ServiceFederation should create an instance of ServiceFederation",
					"status": "passed",
					"title": "should create an instance of ServiceFederation",
					"duration": 0.6950420000000008,
					"failureMessages": [],
					"meta": {}
				},
				{
					"ancestorTitles": ["ServiceFederation"],
					"fullName": "ServiceFederation should discover capabilities and return partner service information",
					"status": "passed",
					"title": "should discover capabilities and return partner service information",
					"duration": 0.48200000000002774,
					"failureMessages": [],
					"meta": {}
				},
				{
					"ancestorTitles": ["ServiceFederation"],
					"fullName": "ServiceFederation should allow registering partner service capabilities",
					"status": "passed",
					"title": "should allow registering partner service capabilities",
					"duration": 0.41279099999997015,
					"failureMessages": [],
					"meta": {}
				},
				{
					"ancestorTitles": ["ServiceFederation"],
					"fullName": "ServiceFederation should allow registering multiple partner service capabilities",
					"status": "passed",
					"title": "should allow registering multiple partner service capabilities",
					"duration": 0.12045799999998508,
					"failureMessages": [],
					"meta": {}
				},
				{
					"ancestorTitles": ["ServiceFederation"],
					"fullName": "ServiceFederation should provide fallback when service is not available",
					"status": "passed",
					"title": "should provide fallback when service is not available",
					"duration": 0.11787500000002638,
					"failureMessages": [],
					"meta": {}
				},
				{
					"ancestorTitles": ["ServiceFederation"],
					"fullName": "ServiceFederation should use service function when service is available",
					"status": "passed",
					"title": "should use service function when service is available",
					"duration": 0.06837500000000318,
					"failureMessages": [],
					"meta": {}
				},
				{
					"ancestorTitles": ["ServiceFederation"],
					"fullName": "ServiceFederation should fallback when service is available but fails",
					"status": "passed",
					"title": "should fallback when service is available but fails",
					"duration": 0.5843750000000227,
					"failureMessages": [],
					"meta": {}
				},
				{
					"ancestorTitles": ["ServiceFederation"],
					"fullName": "ServiceFederation should open circuit breaker after 3 failures",
					"status": "passed",
					"title": "should open circuit breaker after 3 failures",
					"duration": 0.15354200000001583,
					"failureMessages": [],
					"meta": {}
				},
				{
					"ancestorTitles": ["ServiceFederation"],
					"fullName": "ServiceFederation should timeout service calls after specified time",
					"status": "passed",
					"title": "should timeout service calls after specified time",
					"duration": 11.731042000000002,
					"failureMessages": [],
					"meta": {}
				},
				{
					"ancestorTitles": ["ServiceFederation"],
					"fullName": "ServiceFederation should cache service responses",
					"status": "passed",
					"title": "should cache service responses",
					"duration": 0.9020830000000046,
					"failureMessages": [],
					"meta": {}
				},
				{
					"ancestorTitles": ["ServiceFederation"],
					"fullName": "ServiceFederation should combine all features: timeout, circuit breaker, and cache",
					"status": "passed",
					"title": "should combine all features: timeout, circuit breaker, and cache",
					"duration": 0.16095799999999372,
					"failureMessages": [],
					"meta": {}
				},
				{
					"ancestorTitles": ["ServiceFederation"],
					"fullName": "ServiceFederation should provide fallback implementations for different service types",
					"status": "passed",
					"title": "should provide fallback implementations for different service types",
					"duration": 0.07800000000003138,
					"failureMessages": [],
					"meta": {}
				},
				{
					"ancestorTitles": ["ServiceFederation"],
					"fullName": "ServiceFederation should implement core SnapBack tools",
					"status": "passed",
					"title": "should implement core SnapBack tools",
					"duration": 0.8643339999999853,
					"failureMessages": [],
					"meta": {}
				}
			],
			"startTime": 1765598300994,
			"endTime": 1765598301010.8643,
			"status": "passed",
			"message": "",
			"name": "/Users/user1/WebstormProjects/SnapBack-Site/packages/core/test/mcp-federation.test.ts"
		},
		{
			"assertionResults": [
				{
					"ancestorTitles": ["ServiceFederation Integration"],
					"fullName": "ServiceFederation Integration should handle full service federation with fallbacks when partner services are unavailable",
					"status": "passed",
					"title": "should handle full service federation with fallbacks when partner services are unavailable",
					"duration": 2.5940410000000043,
					"failureMessages": [],
					"meta": {}
				},
				{
					"ancestorTitles": ["ServiceFederation Integration"],
					"fullName": "ServiceFederation Integration should use partner services when available and fallback when they fail",
					"status": "passed",
					"title": "should use partner services when available and fallback when they fail",
					"duration": 2.9687079999999924,
					"failureMessages": [],
					"meta": {}
				},
				{
					"ancestorTitles": ["ServiceFederation Integration"],
					"fullName": "ServiceFederation Integration should implement circuit breaker pattern and open after 3 failures",
					"status": "passed",
					"title": "should implement circuit breaker pattern and open after 3 failures",
					"duration": 0.21924999999998818,
					"failureMessages": [],
					"meta": {}
				},
				{
					"ancestorTitles": ["ServiceFederation Integration"],
					"fullName": "ServiceFederation Integration should cache service responses and use cached values",
					"status": "passed",
					"title": "should cache service responses and use cached values",
					"duration": 0.4548330000000078,
					"failureMessages": [],
					"meta": {}
				},
				{
					"ancestorTitles": ["ServiceFederation Integration"],
					"fullName": "ServiceFederation Integration should timeout slow service calls and fallback",
					"status": "passed",
					"title": "should timeout slow service calls and fallback",
					"duration": 14.828874999999982,
					"failureMessages": [],
					"meta": {}
				},
				{
					"ancestorTitles": ["ServiceFederation Integration"],
					"fullName": "ServiceFederation Integration should combine all features in a realistic scenario",
					"status": "passed",
					"title": "should combine all features in a realistic scenario",
					"duration": 2.9624580000000265,
					"failureMessages": [],
					"meta": {}
				}
			],
			"startTime": 1765598300969,
			"endTime": 1765598300992.9624,
			"status": "passed",
			"message": "",
			"name": "/Users/user1/WebstormProjects/SnapBack-Site/packages/core/test/mcp-integration.test.ts"
		},
		{
			"assertionResults": [
				{
					"ancestorTitles": ["MCPResponseProcessor Integration", "processToolResponse"],
					"fullName": "MCPResponseProcessor Integration processToolResponse should handle new format with content array",
					"status": "passed",
					"title": "should handle new format with content array",
					"duration": 2.5744169999999826,
					"failureMessages": [],
					"meta": {}
				},
				{
					"ancestorTitles": ["MCPResponseProcessor Integration", "processToolResponse"],
					"fullName": "MCPResponseProcessor Integration processToolResponse should handle old format with string content",
					"status": "passed",
					"title": "should handle old format with string content",
					"duration": 0.09041700000000219,
					"failureMessages": [],
					"meta": {}
				},
				{
					"ancestorTitles": ["MCPResponseProcessor Integration", "processToolResponse"],
					"fullName": "MCPResponseProcessor Integration processToolResponse should handle error responses in new format",
					"status": "passed",
					"title": "should handle error responses in new format",
					"duration": 0.0882919999999956,
					"failureMessages": [],
					"meta": {}
				},
				{
					"ancestorTitles": ["MCPResponseProcessor Integration", "processToolResponse"],
					"fullName": "MCPResponseProcessor Integration processToolResponse should handle error responses in old format",
					"status": "passed",
					"title": "should handle error responses in old format",
					"duration": 0.04820800000001668,
					"failureMessages": [],
					"meta": {}
				},
				{
					"ancestorTitles": ["MCPResponseProcessor Integration", "processToolResponse"],
					"fullName": "MCPResponseProcessor Integration processToolResponse should handle invalid response formats",
					"status": "passed",
					"title": "should handle invalid response formats",
					"duration": 0.04275000000001228,
					"failureMessages": [],
					"meta": {}
				},
				{
					"ancestorTitles": ["MCPResponseProcessor Integration", "processToolResponse"],
					"fullName": "MCPResponseProcessor Integration processToolResponse should handle mixed content types",
					"status": "passed",
					"title": "should handle mixed content types",
					"duration": 0.07845800000001191,
					"failureMessages": [],
					"meta": {}
				}
			],
			"startTime": 1765598301505,
			"endTime": 1765598301508.0903,
			"status": "passed",
			"message": "",
			"name": "/Users/user1/WebstormProjects/SnapBack-Site/packages/core/test/mcp-response-processor.integration.test.ts"
		},
		{
			"assertionResults": [
				{
					"ancestorTitles": ["RiskAnalyzer", "analyzeFileChanges"],
					"fullName": "RiskAnalyzer analyzeFileChanges should detect security threats in file content",
					"status": "failed",
					"title": "should detect security threats in file content",
					"duration": 5009.945584,
					"failureMessages": [
						"Error: STACK_TRACE_ERROR\n    at task (file:///Users/user1/WebstormProjects/SnapBack-Site/node_modules/.pnpm/@vitest+runner@3.2.4/node_modules/@vitest/runner/dist/chunk-hooks.js:638:27)\n    at Object.<anonymous> (file:///Users/user1/WebstormProjects/SnapBack-Site/node_modules/.pnpm/@vitest+runner@3.2.4/node_modules/@vitest/runner/dist/chunk-hooks.js:662:16)\n    at Object.<anonymous> (file:///Users/user1/WebstormProjects/SnapBack-Site/node_modules/.pnpm/@vitest+runner@3.2.4/node_modules/@vitest/runner/dist/chunk-hooks.js:458:28)\n    at chain (file:///Users/user1/WebstormProjects/SnapBack-Site/node_modules/.pnpm/@vitest+runner@3.2.4/node_modules/@vitest/runner/dist/chunk-hooks.js:369:14)\n    at /Users/user1/WebstormProjects/SnapBack-Site/packages/core/test/risk-analyzer.test.ts:33:3\n    at file:///Users/user1/WebstormProjects/SnapBack-Site/node_modules/.pnpm/@vitest+runner@3.2.4/node_modules/@vitest/runner/dist/chunk-hooks.js:734:40\n    at runWithSuite (file:///Users/user1/WebstormProjects/SnapBack-Site/node_modules/.pnpm/@vitest+runner@3.2.4/node_modules/@vitest/runner/dist/chunk-hooks.js:1849:8)\n    at Object.collect (file:///Users/user1/WebstormProjects/SnapBack-Site/node_modules/.pnpm/@vitest+runner@3.2.4/node_modules/@vitest/runner/dist/chunk-hooks.js:734:10)\n    at Object.collect (file:///Users/user1/WebstormProjects/SnapBack-Site/node_modules/.pnpm/@vitest+runner@3.2.4/node_modules/@vitest/runner/dist/chunk-hooks.js:738:54)\n    at processTicksAndRejections (node:internal/process/task_queues:103:5)\n    at Object.collect (file:///Users/user1/WebstormProjects/SnapBack-Site/node_modules/.pnpm/@vitest+runner@3.2.4/node_modules/@vitest/runner/dist/chunk-hooks.js:738:46)\n    at collectTests (file:///Users/user1/WebstormProjects/SnapBack-Site/node_modules/.pnpm/@vitest+runner@3.2.4/node_modules/@vitest/runner/dist/chunk-hooks.js:1179:25)\n    at startTests (file:///Users/user1/WebstormProjects/SnapBack-Site/node_modules/.pnpm/@vitest+runner@3.2.4/node_modules/@vitest/runner/dist/chunk-hooks.js:1817:17)\n    at file:///Users/user1/WebstormProjects/SnapBack-Site/node_modules/.pnpm/vitest@3.2.4_@types+debug@4.1.12_@types+node@24.5.1_@vitest+ui@3.2.4_happy-dom@20.0.10__bf47d0e9b2429b4e680cc3cddfaf12e5/node_modules/vitest/dist/chunks/runBaseTests.9Ij9_de-.js:117:26\n    at withEnv (file:///Users/user1/WebstormProjects/SnapBack-Site/node_modules/.pnpm/vitest@3.2.4_@types+debug@4.1.12_@types+node@24.5.1_@vitest+ui@3.2.4_happy-dom@20.0.10__bf47d0e9b2429b4e680cc3cddfaf12e5/node_modules/vitest/dist/chunks/runBaseTests.9Ij9_de-.js:84:3)"
					],
					"meta": {}
				},
				{
					"ancestorTitles": ["RiskAnalyzer", "analyzeFileChanges"],
					"fullName": "RiskAnalyzer analyzeFileChanges should analyze file complexity",
					"status": "failed",
					"title": "should analyze file complexity",
					"duration": 5003.901583,
					"failureMessages": [
						"Error: STACK_TRACE_ERROR\n    at task (file:///Users/user1/WebstormProjects/SnapBack-Site/node_modules/.pnpm/@vitest+runner@3.2.4/node_modules/@vitest/runner/dist/chunk-hooks.js:638:27)\n    at Object.<anonymous> (file:///Users/user1/WebstormProjects/SnapBack-Site/node_modules/.pnpm/@vitest+runner@3.2.4/node_modules/@vitest/runner/dist/chunk-hooks.js:662:16)\n    at Object.<anonymous> (file:///Users/user1/WebstormProjects/SnapBack-Site/node_modules/.pnpm/@vitest+runner@3.2.4/node_modules/@vitest/runner/dist/chunk-hooks.js:458:28)\n    at chain (file:///Users/user1/WebstormProjects/SnapBack-Site/node_modules/.pnpm/@vitest+runner@3.2.4/node_modules/@vitest/runner/dist/chunk-hooks.js:369:14)\n    at /Users/user1/WebstormProjects/SnapBack-Site/packages/core/test/risk-analyzer.test.ts:50:3\n    at file:///Users/user1/WebstormProjects/SnapBack-Site/node_modules/.pnpm/@vitest+runner@3.2.4/node_modules/@vitest/runner/dist/chunk-hooks.js:734:40\n    at runWithSuite (file:///Users/user1/WebstormProjects/SnapBack-Site/node_modules/.pnpm/@vitest+runner@3.2.4/node_modules/@vitest/runner/dist/chunk-hooks.js:1849:8)\n    at Object.collect (file:///Users/user1/WebstormProjects/SnapBack-Site/node_modules/.pnpm/@vitest+runner@3.2.4/node_modules/@vitest/runner/dist/chunk-hooks.js:734:10)\n    at Object.collect (file:///Users/user1/WebstormProjects/SnapBack-Site/node_modules/.pnpm/@vitest+runner@3.2.4/node_modules/@vitest/runner/dist/chunk-hooks.js:738:54)\n    at processTicksAndRejections (node:internal/process/task_queues:103:5)\n    at Object.collect (file:///Users/user1/WebstormProjects/SnapBack-Site/node_modules/.pnpm/@vitest+runner@3.2.4/node_modules/@vitest/runner/dist/chunk-hooks.js:738:46)\n    at collectTests (file:///Users/user1/WebstormProjects/SnapBack-Site/node_modules/.pnpm/@vitest+runner@3.2.4/node_modules/@vitest/runner/dist/chunk-hooks.js:1179:25)\n    at startTests (file:///Users/user1/WebstormProjects/SnapBack-Site/node_modules/.pnpm/@vitest+runner@3.2.4/node_modules/@vitest/runner/dist/chunk-hooks.js:1817:17)\n    at file:///Users/user1/WebstormProjects/SnapBack-Site/node_modules/.pnpm/vitest@3.2.4_@types+debug@4.1.12_@types+node@24.5.1_@vitest+ui@3.2.4_happy-dom@20.0.10__bf47d0e9b2429b4e680cc3cddfaf12e5/node_modules/vitest/dist/chunks/runBaseTests.9Ij9_de-.js:117:26\n    at withEnv (file:///Users/user1/WebstormProjects/SnapBack-Site/node_modules/.pnpm/vitest@3.2.4_@types+debug@4.1.12_@types+node@24.5.1_@vitest+ui@3.2.4_happy-dom@20.0.10__bf47d0e9b2429b4e680cc3cddfaf12e5/node_modules/vitest/dist/chunks/runBaseTests.9Ij9_de-.js:84:3)"
					],
					"meta": {}
				},
				{
					"ancestorTitles": ["RiskAnalyzer", "analyzeFileChanges"],
					"fullName": "RiskAnalyzer analyzeFileChanges should identify sensitive files",
					"status": "failed",
					"title": "should identify sensitive files",
					"duration": 5004.013958,
					"failureMessages": [
						"Error: STACK_TRACE_ERROR\n    at task (file:///Users/user1/WebstormProjects/SnapBack-Site/node_modules/.pnpm/@vitest+runner@3.2.4/node_modules/@vitest/runner/dist/chunk-hooks.js:638:27)\n    at Object.<anonymous> (file:///Users/user1/WebstormProjects/SnapBack-Site/node_modules/.pnpm/@vitest+runner@3.2.4/node_modules/@vitest/runner/dist/chunk-hooks.js:662:16)\n    at Object.<anonymous> (file:///Users/user1/WebstormProjects/SnapBack-Site/node_modules/.pnpm/@vitest+runner@3.2.4/node_modules/@vitest/runner/dist/chunk-hooks.js:458:28)\n    at chain (file:///Users/user1/WebstormProjects/SnapBack-Site/node_modules/.pnpm/@vitest+runner@3.2.4/node_modules/@vitest/runner/dist/chunk-hooks.js:369:14)\n    at /Users/user1/WebstormProjects/SnapBack-Site/packages/core/test/risk-analyzer.test.ts:89:3\n    at file:///Users/user1/WebstormProjects/SnapBack-Site/node_modules/.pnpm/@vitest+runner@3.2.4/node_modules/@vitest/runner/dist/chunk-hooks.js:734:40\n    at runWithSuite (file:///Users/user1/WebstormProjects/SnapBack-Site/node_modules/.pnpm/@vitest+runner@3.2.4/node_modules/@vitest/runner/dist/chunk-hooks.js:1849:8)\n    at Object.collect (file:///Users/user1/WebstormProjects/SnapBack-Site/node_modules/.pnpm/@vitest+runner@3.2.4/node_modules/@vitest/runner/dist/chunk-hooks.js:734:10)\n    at Object.collect (file:///Users/user1/WebstormProjects/SnapBack-Site/node_modules/.pnpm/@vitest+runner@3.2.4/node_modules/@vitest/runner/dist/chunk-hooks.js:738:54)\n    at processTicksAndRejections (node:internal/process/task_queues:103:5)\n    at Object.collect (file:///Users/user1/WebstormProjects/SnapBack-Site/node_modules/.pnpm/@vitest+runner@3.2.4/node_modules/@vitest/runner/dist/chunk-hooks.js:738:46)\n    at collectTests (file:///Users/user1/WebstormProjects/SnapBack-Site/node_modules/.pnpm/@vitest+runner@3.2.4/node_modules/@vitest/runner/dist/chunk-hooks.js:1179:25)\n    at startTests (file:///Users/user1/WebstormProjects/SnapBack-Site/node_modules/.pnpm/@vitest+runner@3.2.4/node_modules/@vitest/runner/dist/chunk-hooks.js:1817:17)\n    at file:///Users/user1/WebstormProjects/SnapBack-Site/node_modules/.pnpm/vitest@3.2.4_@types+debug@4.1.12_@types+node@24.5.1_@vitest+ui@3.2.4_happy-dom@20.0.10__bf47d0e9b2429b4e680cc3cddfaf12e5/node_modules/vitest/dist/chunks/runBaseTests.9Ij9_de-.js:117:26\n    at withEnv (file:///Users/user1/WebstormProjects/SnapBack-Site/node_modules/.pnpm/vitest@3.2.4_@types+debug@4.1.12_@types+node@24.5.1_@vitest+ui@3.2.4_happy-dom@20.0.10__bf47d0e9b2429b4e680cc3cddfaf12e5/node_modules/vitest/dist/chunks/runBaseTests.9Ij9_de-.js:84:3)"
					],
					"meta": {}
				},
				{
					"ancestorTitles": ["RiskAnalyzer", "analyzeFileChanges"],
					"fullName": "RiskAnalyzer analyzeFileChanges should analyze change velocity with Git context",
					"status": "failed",
					"title": "should analyze change velocity with Git context",
					"duration": 5004.838958,
					"failureMessages": [
						"Error: STACK_TRACE_ERROR\n    at task (file:///Users/user1/WebstormProjects/SnapBack-Site/node_modules/.pnpm/@vitest+runner@3.2.4/node_modules/@vitest/runner/dist/chunk-hooks.js:638:27)\n    at Object.<anonymous> (file:///Users/user1/WebstormProjects/SnapBack-Site/node_modules/.pnpm/@vitest+runner@3.2.4/node_modules/@vitest/runner/dist/chunk-hooks.js:662:16)\n    at Object.<anonymous> (file:///Users/user1/WebstormProjects/SnapBack-Site/node_modules/.pnpm/@vitest+runner@3.2.4/node_modules/@vitest/runner/dist/chunk-hooks.js:458:28)\n    at chain (file:///Users/user1/WebstormProjects/SnapBack-Site/node_modules/.pnpm/@vitest+runner@3.2.4/node_modules/@vitest/runner/dist/chunk-hooks.js:369:14)\n    at /Users/user1/WebstormProjects/SnapBack-Site/packages/core/test/risk-analyzer.test.ts:108:3\n    at file:///Users/user1/WebstormProjects/SnapBack-Site/node_modules/.pnpm/@vitest+runner@3.2.4/node_modules/@vitest/runner/dist/chunk-hooks.js:734:40\n    at runWithSuite (file:///Users/user1/WebstormProjects/SnapBack-Site/node_modules/.pnpm/@vitest+runner@3.2.4/node_modules/@vitest/runner/dist/chunk-hooks.js:1849:8)\n    at Object.collect (file:///Users/user1/WebstormProjects/SnapBack-Site/node_modules/.pnpm/@vitest+runner@3.2.4/node_modules/@vitest/runner/dist/chunk-hooks.js:734:10)\n    at Object.collect (file:///Users/user1/WebstormProjects/SnapBack-Site/node_modules/.pnpm/@vitest+runner@3.2.4/node_modules/@vitest/runner/dist/chunk-hooks.js:738:54)\n    at processTicksAndRejections (node:internal/process/task_queues:103:5)\n    at Object.collect (file:///Users/user1/WebstormProjects/SnapBack-Site/node_modules/.pnpm/@vitest+runner@3.2.4/node_modules/@vitest/runner/dist/chunk-hooks.js:738:46)\n    at collectTests (file:///Users/user1/WebstormProjects/SnapBack-Site/node_modules/.pnpm/@vitest+runner@3.2.4/node_modules/@vitest/runner/dist/chunk-hooks.js:1179:25)\n    at startTests (file:///Users/user1/WebstormProjects/SnapBack-Site/node_modules/.pnpm/@vitest+runner@3.2.4/node_modules/@vitest/runner/dist/chunk-hooks.js:1817:17)\n    at file:///Users/user1/WebstormProjects/SnapBack-Site/node_modules/.pnpm/vitest@3.2.4_@types+debug@4.1.12_@types+node@24.5.1_@vitest+ui@3.2.4_happy-dom@20.0.10__bf47d0e9b2429b4e680cc3cddfaf12e5/node_modules/vitest/dist/chunks/runBaseTests.9Ij9_de-.js:117:26\n    at withEnv (file:///Users/user1/WebstormProjects/SnapBack-Site/node_modules/.pnpm/vitest@3.2.4_@types+debug@4.1.12_@types+node@24.5.1_@vitest+ui@3.2.4_happy-dom@20.0.10__bf47d0e9b2429b4e680cc3cddfaf12e5/node_modules/vitest/dist/chunks/runBaseTests.9Ij9_de-.js:84:3)"
					],
					"meta": {}
				},
				{
					"ancestorTitles": ["RiskAnalyzer", "analyzeFileChanges"],
					"fullName": "RiskAnalyzer analyzeFileChanges should return low risk score for safe changes",
					"status": "failed",
					"title": "should return low risk score for safe changes",
					"duration": 5003.419041000001,
					"failureMessages": [
[...]
					"locations": [{ "start": { "line": 1, "column": 3117 }, "end": { "line": 99, "column": 19 } }]
				}
			},
			"b": { "0": [1] },
			"fnMap": {
				"0": {
					"name": "(empty-report)",
					"decl": { "start": { "line": 1, "column": 3117 }, "end": { "line": 99, "column": 19 } },
					"loc": { "start": { "line": 1, "column": 3117 }, "end": { "line": 99, "column": 19 } },
					"line": 1
				}
			},
			"f": { "0": 1 }
		},
		"/Users/user1/WebstormProjects/SnapBack-Site/packages/core/src/detection/index.ts": {
			"path": "/Users/user1/WebstormProjects/SnapBack-Site/packages/core/src/detection/index.ts",
			"all": true,
			"statementMap": {
				"0": { "start": { "line": 1, "column": 0 }, "end": { "line": 1, "column": 43 } },
				"1": { "start": { "line": 2, "column": 0 }, "end": { "line": 2, "column": 45 } },
				"2": { "start": { "line": 3, "column": 0 }, "end": { "line": 3, "column": 43 } },
				"3": { "start": { "line": 4, "column": 0 }, "end": { "line": 4, "column": 24 } }
			},
			"s": { "0": 0, "1": 0, "2": 0, "3": 0 },
			"branchMap": {
				"0": {
					"type": "branch",
					"line": 1,
					"loc": { "start": { "line": 1, "column": 0 }, "end": { "line": 4, "column": -45 } },
					"locations": [{ "start": { "line": 1, "column": 0 }, "end": { "line": 4, "column": -45 } }]
				}
			},
			"b": { "0": [0] },
			"fnMap": {
				"0": {
					"name": "(empty-report)",
					"decl": { "start": { "line": 1, "column": 0 }, "end": { "line": 4, "column": -45 } },
					"loc": { "start": { "line": 1, "column": 0 }, "end": { "line": 4, "column": -45 } },
					"line": 1
				}
			},
			"f": { "0": 0 }
		},
		"/Users/user1/WebstormProjects/SnapBack-Site/packages/core/src/analytics/metrics.ts": {
			"path": "/Users/user1/WebstormProjects/SnapBack-Site/packages/core/src/analytics/metrics.ts",
			"all": true,
			"statementMap": {
				"12": { "start": { "line": 13, "column": 0 }, "end": { "line": 13, "column": 31 } },
				"13": { "start": { "line": 14, "column": 0 }, "end": { "line": 14, "column": 29 } },
				"14": { "start": { "line": 15, "column": 0 }, "end": { "line": 15, "column": 25 } },
				"15": { "start": { "line": 16, "column": 0 }, "end": { "line": 16, "column": 15 } },
				"16": { "start": { "line": 17, "column": 0 }, "end": { "line": 17, "column": 22 } },
				"17": { "start": { "line": 18, "column": 0 }, "end": { "line": 18, "column": 23 } },
				"18": { "start": { "line": 19, "column": 0 }, "end": { "line": 19, "column": 24 } },
				"19": { "start": { "line": 20, "column": 0 }, "end": { "line": 20, "column": 15 } },
				"20": { "start": { "line": 21, "column": 0 }, "end": { "line": 21, "column": 23 } },
				"21": { "start": { "line": 22, "column": 0 }, "end": { "line": 22, "column": 3 } },
				"24": { "start": { "line": 25, "column": 0 }, "end": { "line": 25, "column": 38 } },
				"25": { "start": { "line": 26, "column": 0 }, "end": { "line": 26, "column": 37 } },
				"26": { "start": { "line": 27, "column": 0 }, "end": { "line": 27, "column": 2 } },
				"29": { "start": { "line": 30, "column": 0 }, "end": { "line": 30, "column": 29 } },
				"30": { "start": { "line": 31, "column": 0 }, "end": { "line": 31, "column": 27 } },
				"31": { "start": { "line": 32, "column": 0 }, "end": { "line": 32, "column": 2 } },
				"34": { "start": { "line": 35, "column": 0 }, "end": { "line": 35, "column": 45 } },
				"35": { "start": { "line": 36, "column": 0 }, "end": { "line": 36, "column": 50 } },
				"36": { "start": { "line": 37, "column": 0 }, "end": { "line": 37, "column": 2 } },
				"39": { "start": { "line": 40, "column": 0 }, "end": { "line": 40, "column": 36 } },
				"40": { "start": { "line": 41, "column": 0 }, "end": { "line": 41, "column": 35 } },
				"41": { "start": { "line": 42, "column": 0 }, "end": { "line": 42, "column": 2 } },
				"44": { "start": { "line": 45, "column": 0 }, "end": { "line": 45, "column": 37 } },
				"45": { "start": { "line": 46, "column": 0 }, "end": { "line": 46, "column": 36 } },
				"46": { "start": { "line": 47, "column": 0 }, "end": { "line": 47, "column": 2 } },
				"49": { "start": { "line": 50, "column": 0 }, "end": { "line": 50, "column": 28 } },
				"50": { "start": { "line": 51, "column": 0 }, "end": { "line": 51, "column": 27 } },
				"51": { "start": { "line": 52, "column": 0 }, "end": { "line": 52, "column": 2 } },
				"54": { "start": { "line": 55, "column": 0 }, "end": { "line": 55, "column": 36 } },
				"55": { "start": { "line": 56, "column": 0 }, "end": { "line": 56, "column": 35 } },
				"56": { "start": { "line": 57, "column": 0 }, "end": { "line": 57, "column": 2 } },
				"59": { "start": { "line": 60, "column": 0 }, "end": { "line": 60, "column": 24 } },
				"60": { "start": { "line": 61, "column": 0 }, "end": { "line": 61, "column": 29 } },
				"61": { "start": { "line": 62, "column": 0 }, "end": { "line": 62, "column": 2 } },
				"64": { "start": { "line": 65, "column": 0 }, "end": { "line": 65, "column": 34 } },
				"65": { "start": { "line": 66, "column": 0 }, "end": { "line": 66, "column": 50 } },
				"66": { "start": { "line": 67, "column": 0 }, "end": { "line": 67, "column": 12 } },
				"67": { "start": { "line": 68, "column": 0 }, "end": { "line": 68, "column": 3 } },
				"69": { "start": { "line": 70, "column": 0 }, "end": { "line": 70, "column": 70 } },
				"70": { "start": { "line": 71, "column": 0 }, "end": { "line": 71, "column": 51 } },
				"71": { "start": { "line": 72, "column": 0 }, "end": { "line": 72, "column": 2 } },
				"74": { "start": { "line": 75, "column": 0 }, "end": { "line": 75, "column": 73 } },
				"75": { "start": { "line": 76, "column": 0 }, "end": { "line": 76, "column": 50 } },
				"76": { "start": { "line": 77, "column": 0 }, "end": { "line": 77, "column": 37 } },
				"77": { "start": { "line": 78, "column": 0 }, "end": { "line": 78, "column": 3 } },
				"79": { "start": { "line": 80, "column": 0 }, "end": { "line": 80, "column": 73 } },
				"80": { "start": { "line": 81, "column": 0 }, "end": { "line": 81, "column": 28 } },
				"82": { "start": { "line": 83, "column": 0 }, "end": { "line": 83, "column": 10 } },
				"83": { "start": { "line": 84, "column": 0 }, "end": { "line": 84, "column": 38 } },
				"84": { "start": { "line": 85, "column": 0 }, "end": { "line": 85, "column": 39 } },
				"85": { "start": { "line": 86, "column": 0 }, "end": { "line": 86, "column": 39 } },
				"86": { "start": { "line": 87, "column": 0 }, "end": { "line": 87, "column": 4 } },
				"87": { "start": { "line": 88, "column": 0 }, "end": { "line": 88, "column": 2 } },
				"90": { "start": { "line": 91, "column": 0 }, "end": { "line": 91, "column": 16 } },
				"91": { "start": { "line": 92, "column": 0 }, "end": { "line": 92, "column": 18 } },
				"92": { "start": { "line": 93, "column": 0 }, "end": { "line": 93, "column": 26 } },
				"93": { "start": { "line": 94, "column": 0 }, "end": { "line": 94, "column": 16 } },
				"94": { "start": { "line": 95, "column": 0 }, "end": { "line": 95, "column": 23 } },
				"95": { "start": { "line": 96, "column": 0 }, "end": { "line": 96, "column": 24 } },
				"96": { "start": { "line": 97, "column": 0 }, "end": { "line": 97, "column": 25 } },
				"97": { "start": { "line": 98, "column": 0 }, "end": { "line": 98, "column": 16 } },
				"98": { "start": { "line": 99, "column": 0 }, "end": { "line": 99, "column": 24 } },
				"99": { "start": { "line": 100, "column": 0 }, "end": { "line": 100, "column": 4 } },
				"100": { "start": { "line": 101, "column": 0 }, "end": { "line": 101, "column": 2 } },
				"103": { "start": { "line": 104, "column": 0 }, "end": { "line": 104, "column": 47 } },
				"104": { "start": { "line": 105, "column": 0 }, "end": { "line": 105, "column": 41 } },
				"105": { "start": { "line": 106, "column": 0 }, "end": { "line": 106, "column": 40 } },
				"106": { "start": { "line": 107, "column": 0 }, "end": { "line": 107, "column": 31 } },
				"107": { "start": { "line": 108, "column": 0 }, "end": { "line": 108, "column": 30 } },
				"108": { "start": { "line": 109, "column": 0 }, "end": { "line": 109, "column": 30 } },
				"109": { "start": { "line": 110, "column": 0 }, "end": { "line": 110, "column": 30 } },
				"110": { "start": { "line": 111, "column": 0 }, "end": { "line": 111, "column": 17 } },
				"111": { "start": { "line": 112, "column": 0 }, "end": { "line": 112, "column": 2 } },
				"112": { "start": { "line": 113, "column": 0 }, "end": { "line": 113, "column": 1 } },
				"115": { "start": { "line": 116, "column": 0 }, "end": { "line": 116, "column": 53 } },
				"117": { "start": { "line": 118, "column": 0 }, "end": { "line": 118, "column": 57 } },
				"118": { "start": { "line": 119, "column": 0 }, "end": { "line": 119, "column": 25 } },
				"119": { "start": { "line": 120, "column": 0 }, "end": { "line": 120, "column": 44 } },
				"120": { "start": { "line": 121, "column": 0 }, "end": { "line": 121, "column": 2 } },
				"122": { "start": { "line": 123, "column": 0 }, "end": { "line": 123, "column": 25 } },
				"123": { "start": { "line": 124, "column": 0 }, "end": { "line": 124, "column": 1 } }
			},
			"s": {
				"12": 0,
				"13": 0,
				"14": 0,
				"15": 0,
				"16": 0,
				"17": 0,
				"18": 0,
				"19": 0,
				"20": 0,
				"21": 0,
				"24": 0,
				"25": 0,
				"26": 0,
				"29": 0,
				"30": 0,
				"31": 0,
				"34": 0,
				"35": 0,
				"36": 0,
				"39": 0,
				"40": 0,
				"41": 0,
				"44": 0,
				"45": 0,
				"46": 0,
				"49": 0,
				"50": 0,
				"51": 0,
				"54": 0,
				"55": 0,
				"56": 0,
				"59": 0,
				"60": 0,
				"61": 0,
				"64": 0,
				"65": 0,
				"66": 0,
				"67": 0,
				"69": 0,
				"70": 0,
				"71": 0,
				"74": 0,
				"75": 0,
				"76": 0,
				"77": 0,
				"79": 0,
				"80": 0,
				"82": 0,
				"83": 0,
				"84": 0,
				"85": 0,
				"86": 0,
				"87": 0,
				"90": 0,
				"91": 0,
				"92": 0,
				"93": 0,
				"94": 0,
				"95": 0,
				"96": 0,
				"97": 0,
				"98": 0,
				"99": 0,
				"100": 0,
				"103": 0,
				"104": 0,
				"105": 0,
				"106": 0,
				"107": 0,
				"108": 0,
				"109": 0,
				"110": 0,
				"111": 0,
				"112": 0,
				"115": 0,
				"117": 0,
				"118": 0,
				"119": 0,
				"120": 0,
				"122": 0,
				"123": 0
			},
			"branchMap": {
				"0": {
					"type": "branch",
					"line": 1,
					"loc": { "start": { "line": 1, "column": 2939 }, "end": { "line": 124, "column": 1 } },
					"locations": [{ "start": { "line": 1, "column": 2939 }, "end": { "line": 124, "column": 1 } }]
				}
			},
			"b": { "0": [1] },
			"fnMap": {
				"0": {
					"name": "(empty-report)",
					"decl": { "start": { "line": 1, "column": 2939 }, "end": { "line": 124, "column": 1 } },
					"loc": { "start": { "line": 1, "column": 2939 }, "end": { "line": 124, "column": 1 } },
					"line": 1
				}
			},
			"f": { "0": 1 }
		},
		"/Users/user1/WebstormProjects/SnapBack-Site/packages/core/src/audit/logger.ts": {
			"path": "/Users/user1/WebstormProjects/SnapBack-Site/packages/core/src/audit/logger.ts",
			"all": true,
			"statementMap": {
				"2": { "start": { "line": 3, "column": 0 }, "end": { "line": 3, "column": 44 } },
				"16": { "start": { "line": 17, "column": 0 }, "end": { "line": 17, "column": 26 } },
				"17": { "start": { "line": 18, "column": 0 }, "end": { "line": 18, "column": 42 } },
				"18": { "start": { "line": 19, "column": 0 }, "end": { "line": 19, "column": 32 } },
				"20": { "start": { "line": 21, "column": 0 }, "end": { "line": 21, "column": 62 } },
				"22": { "start": { "line": 23, "column": 0 }, "end": { "line": 23, "column": 56 } },
				"23": { "start": { "line": 24, "column": 0 }, "end": { "line": 24, "column": 35 } },
				"24": { "start": { "line": 25, "column": 0 }, "end": { "line": 25, "column": 10 } },
				"26": { "start": { "line": 27, "column": 0 }, "end": { "line": 27, "column": 71 } },
				"28": { "start": { "line": 29, "column": 0 }, "end": { "line": 29, "column": 67 } },
				"29": { "start": { "line": 30, "column": 0 }, "end": { "line": 30, "column": 3 } },
				"31": { "start": { "line": 32, "column": 0 }, "end": { "line": 32, "column": 38 } },
				"32": { "start": { "line": 33, "column": 0 }, "end": { "line": 33, "column": 2 } },
				"34": { "start": { "line": 35, "column": 0 }, "end": { "line": 35, "column": 60 } },
				"35": { "start": { "line": 36, "column": 0 }, "end": { "line": 36, "column": 35 } },
				"36": { "start": { "line": 37, "column": 0 }, "end": { "line": 37, "column": 25 } },
				"37": { "start": { "line": 38, "column": 0 }, "end": { "line": 38, "column": 25 } },
				"38": { "start": { "line": 39, "column": 0 }, "end": { "line": 39, "column": 12 } },
				"39": { "start": { "line": 40, "column": 0 }, "end": { "line": 40, "column": 4 } },
				"42": { "start": { "line": 43, "column": 0 }, "end": { "line": 43, "column": 50 } },
				"45": { "start": { "line": 46, "column": 0 }, "end": { "line": 46, "column": 62 } },
				"46": { "start": { "line": 47, "column": 0 }, "end": { "line": 47, "column": 2 } },
				"48": { "start": { "line": 49, "column": 0 }, "end": { "line": 49, "column": 31 } },
				"50": { "start": { "line": 51, "column": 0 }, "end": { "line": 51, "column": 75 } },
				"51": { "start": { "line": 52, "column": 0 }, "end": { "line": 52, "column": 2 } },
				"53": { "start": { "line": 54, "column": 0 }, "end": { "line": 54, "column": 57 } },
				"54": { "start": { "line": 55, "column": 0 }, "end": { "line": 55, "column": 23 } },
				"55": { "start": { "line": 56, "column": 0 }, "end": { "line": 56, "column": 16 } },
				"56": { "start": { "line": 57, "column": 0 }, "end": { "line": 57, "column": 3 } },
				"58": { "start": { "line": 59, "column": 0 }, "end": { "line": 59, "column": 50 } },
				"60": { "start": { "line": 61, "column": 0 }, "end": { "line": 61, "column": 61 } },
				"61": { "start": { "line": 62, "column": 0 }, "end": { "line": 62, "column": 33 } },
				"62": { "start": { "line": 63, "column": 0 }, "end": { "line": 63, "column": 40 } },
				"63": { "start": { "line": 64, "column": 0 }, "end": { "line": 64, "column": 69 } },
				"64": { "start": { "line": 65, "column": 0 }, "end": { "line": 65, "column": 40 } },
				"65": { "start": { "line": 66, "column": 0 }, "end": { "line": 66, "column": 11 } },
				"66": { "start": { "line": 67, "column": 0 }, "end": { "line": 67, "column": 33 } },
				"67": { "start": { "line": 68, "column": 0 }, "end": { "line": 68, "column": 4 } },
				"68": { "start": { "line": 69, "column": 0 }, "end": { "line": 69, "column": 3 } },
				"70": { "start": { "line": 71, "column": 0 }, "end": { "line": 71, "column": 10 } },
				"71": { "start": { "line": 72, "column": 0 }, "end": { "line": 72, "column": 12 } },
				"72": { "start": { "line": 73, "column": 0 }, "end": { "line": 73, "column": 28 } },
				"73": { "start": { "line": 74, "column": 0 }, "end": { "line": 74, "column": 4 } },
				"74": { "start": { "line": 75, "column": 0 }, "end": { "line": 75, "column": 2 } },
				"76": { "start": { "line": 77, "column": 0 }, "end": { "line": 77, "column": 46 } },
				"78": { "start": { "line": 79, "column": 0 }, "end": { "line": 79, "column": 23 } },
				"79": { "start": { "line": 80, "column": 0 }, "end": { "line": 80, "column": 36 } },
				"80": { "start": { "line": 81, "column": 0 }, "end": { "line": 81, "column": 63 } },
				"81": { "start": { "line": 82, "column": 0 }, "end": { "line": 82, "column": 57 } },
				"82": { "start": { "line": 83, "column": 0 }, "end": { "line": 83, "column": 51 } },
				"83": { "start": { "line": 84, "column": 0 }, "end": { "line": 84, "column": 4 } },
				"85": { "start": { "line": 86, "column": 0 }, "end": { "line": 86, "column": 60 } },
				"86": { "start": { "line": 87, "column": 0 }, "end": { "line": 87, "column": 2 } },
				"89": { "start": { "line": 90, "column": 0 }, "end": { "line": 90, "column": 41 } },
				"90": { "start": { "line": 91, "column": 0 }, "end": { "line": 91, "column": 63 } },
				"91": { "start": { "line": 92, "column": 0 }, "end": { "line": 92, "column": 2 } },
				"92": { "start": { "line": 93, "column": 0 }, "end": { "line": 93, "column": 1 } },
				"95": { "start": { "line": 96, "column": 0 }, "end": { "line": 96, "column": 43 } },
				"97": { "start": { "line": 98, "column": 0 }, "end": { "line": 98, "column": 47 } },
				"98": { "start": { "line": 99, "column": 0 }, "end": { "line": 99, "column": 20 } },
				"99": { "start": { "line": 100, "column": 0 }, "end": { "line": 100, "column": 62 } },
				"100": { "start": { "line": 101, "column": 0 }, "end": { "line": 101, "column": 77 } },
				"101": { "start": { "line": 102, "column": 0 }, "end": { "line": 102, "column": 52 } },
				"102": { "start": { "line": 103, "column": 0 }, "end": { "line": 103, "column": 2 } },
				"104": { "start": { "line": 105, "column": 0 }, "end": { "line": 105, "column": 20 } },
				"105": { "start": { "line": 106, "column": 0 }, "end": { "line": 106, "column": 1 } }
			},
			"s": {
				"2": 0,
				"16": 0,
				"17": 0,
				"18": 0,
				"20": 0,
				"22": 0,
				"23": 0,
				"24": 0,
				"26": 0,
				"28": 0,
				"29": 0,
				"31": 0,
				"32": 0,
				"34": 0,
				"35": 0,
				"36": 0,
				"37": 0,
				"38": 0,
				"39": 0,
				"42": 0,
				"45": 0,
				"46": 0,
				"48": 0,
				"50": 0,
				"51": 0,
				"53": 0,
				"54": 0,
				"55": 0,
				"56": 0,
				"58": 0,
				"60": 0,
				"61": 0,
				"62": 0,
				"63": 0,
				"64": 0,
				"65": 0,
				"66": 0,
				"67": 0,
				"68": 0,
				"70": 0,
				"71": 0,
				"72": 0,
				"73": 0,
				"74": 0,
				"76": 0,
				"78": 0,
				"79": 0,
				"80": 0,
				"81": 0,
				"82": 0,
				"83": 0,
				"85": 0,
				"86": 0,
				"89": 0,
				"90": 0,
				"91": 0,
				"92": 0,
				"95": 0,
				"97": 0,
				"98": 0,
				"99": 0,
				"100": 0,
				"101": 0,
				"102": 0,
				"104": 0,
				"105": 0
			},
			"branchMap": {
				"0": {
					"type": "branch",
					"line": 1,
					"loc": { "start": { "line": 1, "column": 2822 }, "end": { "line": 106, "column": 1 } },
					"locations": [{ "start": { "line": 1, "column": 2822 }, "end": { "line": 106, "column": 1 } }]
				}
			},
			"b": { "0": [1] },
			"fnMap": {
				"0": {
					"name": "(empty-report)",
					"decl": { "start": { "line": 1, "column": 2822 }, "end": { "line": 106, "column": 1 } },
					"loc": { "start": { "line": 1, "column": 2822 }, "end": { "line": 106, "column": 1 } },
					"line": 1
				}
			},
			"f": { "0": 1 }
		},
		"/Users/user1/WebstormProjects/SnapBack-Site/packages/core/src/detection/types.ts": {
			"path": "/Users/user1/WebstormProjects/SnapBack-Site/packages/core/src/detection/types.ts",
			"all": true,
			"statementMap": {},
			"s": {},
			"branchMap": {
				"0": {
					"type": "branch",
					"line": 1,
					"loc": { "start": { "line": 1, "column": 1541 }, "end": { "line": 70, "column": 1 } },
					"locations": [{ "start": { "line": 1, "column": 1541 }, "end": { "line": 70, "column": 1 } }]
				}
			},
			"b": { "0": [1] },
			"fnMap": {
				"0": {
					"name": "(empty-report)",
					"decl": { "start": { "line": 1, "column": 1541 }, "end": { "line": 70, "column": 1 } },
					"loc": { "start": { "line": 1, "column": 1541 }, "end": { "line": 70, "column": 1 } },
					"line": 1
				}
			},
			"f": { "0": 1 }
		},
		"/Users/user1/WebstormProjects/SnapBack-Site/packages/core/src/services/index.ts": {
			"path": "/Users/user1/WebstormProjects/SnapBack-Site/packages/core/src/services/index.ts",
			"all": true,
			"statementMap": {},
			"s": {},
			"branchMap": {
				"0": {
					"type": "branch",
					"line": 1,
					"loc": { "start": { "line": 1, "column": 242 }, "end": { "line": 9, "column": 3 } },
					"locations": [{ "start": { "line": 1, "column": 242 }, "end": { "line": 9, "column": 3 } }]
				}
			},
			"b": { "0": [1] },
			"fnMap": {
				"0": {
					"name": "(empty-report)",
					"decl": { "start": { "line": 1, "column": 242 }, "end": { "line": 9, "column": 3 } },
					"loc": { "start": { "line": 1, "column": 242 }, "end": { "line": 9, "column": 3 } },
					"line": 1
				}
			},
			"f": { "0": 1 }
		}
	}
}
